2024-02-05 14:43:19.519  INFO 21944 --- [main] c.e.W.WireMockAndSpockTestApplication    : Starting WireMockAndSpockTestApplication using Java 17.0.9 on CHE-JRAJAN-LT with PID 21944 (C:\Users\jayasri.rajan\Downloads\WireMockAndSpockTest\WireMockAndSpockTest\target\classes started by Jayasri.Rajan in C:\Users\jayasri.rajan\Downloads\WireMockAndSpockTest)
2024-02-05 14:43:19.521 DEBUG 21944 --- [main] c.e.W.WireMockAndSpockTestApplication    : Running with Spring Boot v2.5.0, Spring v5.3.7
2024-02-05 14:43:19.521  INFO 21944 --- [main] c.e.W.WireMockAndSpockTestApplication    : No active profile set, falling back to default profiles: default
2024-02-05 14:43:20.637  INFO 21944 --- [main] o.s.b.w.embedded.tomcat.TomcatWebServer  : Tomcat initialized with port(s): 8081 (http)
2024-02-05 14:43:20.646  INFO 21944 --- [main] o.apache.catalina.core.StandardService   : Starting service [Tomcat]
2024-02-05 14:43:20.647  INFO 21944 --- [main] org.apache.catalina.core.StandardEngine  : Starting Servlet engine: [Apache Tomcat/9.0.46]
2024-02-05 14:43:20.719  INFO 21944 --- [main] o.a.c.c.C.[Tomcat].[localhost].[/]       : Initializing Spring embedded WebApplicationContext
2024-02-05 14:43:20.719  INFO 21944 --- [main] w.s.c.ServletWebServerApplicationContext : Root WebApplicationContext: initialization completed in 1135 ms
2024-02-05 14:43:21.546  INFO 21944 --- [main] o.s.b.w.embedded.tomcat.TomcatWebServer  : Tomcat started on port(s): 8081 (http) with context path ''
2024-02-05 14:43:21.555  INFO 21944 --- [main] c.e.W.WireMockAndSpockTestApplication    : Started WireMockAndSpockTestApplication in 2.457 seconds (JVM running for 2.832)
2024-02-05 14:43:21.556  INFO 21944 --- [main] o.s.b.a.ApplicationAvailabilityBean      : Application availability state LivenessState changed to CORRECT
2024-02-05 14:43:21.558  INFO 21944 --- [main] o.s.b.a.ApplicationAvailabilityBean      : Application availability state ReadinessState changed to ACCEPTING_TRAFFIC
2024-02-05 14:43:21.559 DEBUG 21944 --- [main] c.e.WireMock.controller.LogController    : This is a debug message
2024-02-05 14:43:21.559  INFO 21944 --- [main] c.e.WireMock.controller.LogController    : This is an info message
2024-02-05 14:43:21.559  WARN 21944 --- [main] c.e.WireMock.controller.LogController    : This is a warn message
2024-02-05 14:43:21.559 ERROR 21944 --- [main] c.e.WireMock.controller.LogController    : This is an error message
2024-02-05 14:43:37.932  INFO 21944 --- [http-nio-8081-exec-1] o.a.c.c.C.[Tomcat].[localhost].[/]       : Initializing Spring DispatcherServlet 'dispatcherServlet'
2024-02-05 14:43:37.969 DEBUG 21944 --- [http-nio-8081-exec-1] o.s.web.client.RestTemplate              : HTTP GET http://localhost:8080/vending-machine/get-item
2024-02-05 14:43:37.972 DEBUG 21944 --- [http-nio-8081-exec-1] o.s.web.client.RestTemplate              : Accept=[text/plain, application/json, application/*+json, */*]
2024-02-05 14:43:37.974 DEBUG 21944 --- [http-nio-8081-exec-1] c.e.WireMock.config.LoggingInterceptor   : Request URI: http://localhost:8080/vending-machine/get-item
2024-02-05 14:43:37.976 DEBUG 21944 --- [http-nio-8081-exec-1] c.e.WireMock.config.LoggingInterceptor   : Request method: GET
2024-02-05 14:43:37.976 DEBUG 21944 --- [http-nio-8081-exec-1] c.e.WireMock.config.LoggingInterceptor   : Request headers: [Accept:"text/plain, application/json, application/*+json, */*", Content-Type:"application/json", Content-Length:"0"]
2024-02-05 14:43:37.977 DEBUG 21944 --- [http-nio-8081-exec-1] c.e.WireMock.config.LoggingInterceptor   : Request body: 
2024-02-05 14:43:38.008 DEBUG 21944 --- [http-nio-8081-exec-1] c.e.WireMock.config.LoggingInterceptor   : Response status code: 200 OK
2024-02-05 14:43:38.010 DEBUG 21944 --- [http-nio-8081-exec-1] c.e.WireMock.config.LoggingInterceptor   : Response headers: [Content-Type:"application/json", Transfer-Encoding:"chunked", Date:"Mon, 05 Feb 2024 09:13:38 GMT", Keep-Alive:"timeout=60", Connection:"keep-alive"]
2024-02-05 14:43:38.011 DEBUG 21944 --- [http-nio-8081-exec-1] c.e.WireMock.config.LoggingInterceptor   : Response body: [{"idItem":1,"itemCode":"A","itemName":"Soda","quantity":1,"itemCost":1.0},{"idItem":2,"itemCode":"B","itemName":"Chips","quantity":1,"itemCost":1.0}]
2024-02-05 14:43:38.011 DEBUG 21944 --- [http-nio-8081-exec-1] o.s.web.client.RestTemplate              : Response 200 OK
2024-02-05 14:44:09.443  INFO 6228 --- [main] c.e.W.WireMockAndSpockTestApplication    : Starting WireMockAndSpockTestApplication using Java 17.0.9 on CHE-JRAJAN-LT with PID 6228 (C:\Users\jayasri.rajan\Downloads\WireMockAndSpockTest\WireMockAndSpockTest\target\classes started by Jayasri.Rajan in C:\Users\jayasri.rajan\Downloads\WireMockAndSpockTest)
2024-02-05 14:44:09.447  INFO 6228 --- [main] c.e.W.WireMockAndSpockTestApplication    : No active profile set, falling back to default profiles: default
2024-02-05 14:44:10.653  INFO 6228 --- [main] o.s.b.w.embedded.tomcat.TomcatWebServer  : Tomcat initialized with port(s): 8081 (http)
2024-02-05 14:44:10.664  INFO 6228 --- [main] o.apache.catalina.core.StandardService   : Starting service [Tomcat]
2024-02-05 14:44:10.665  INFO 6228 --- [main] org.apache.catalina.core.StandardEngine  : Starting Servlet engine: [Apache Tomcat/9.0.46]
2024-02-05 14:44:10.756  INFO 6228 --- [main] o.a.c.c.C.[Tomcat].[localhost].[/]       : Initializing Spring embedded WebApplicationContext
2024-02-05 14:44:10.757  INFO 6228 --- [main] w.s.c.ServletWebServerApplicationContext : Root WebApplicationContext: initialization completed in 1221 ms
2024-02-05 14:44:11.679  INFO 6228 --- [main] o.s.b.w.embedded.tomcat.TomcatWebServer  : Tomcat started on port(s): 8081 (http) with context path ''
2024-02-05 14:44:11.689  INFO 6228 --- [main] c.e.W.WireMockAndSpockTestApplication    : Started WireMockAndSpockTestApplication in 2.755 seconds (JVM running for 3.155)
2024-02-05 14:44:11.690  INFO 6228 --- [main] o.s.b.a.ApplicationAvailabilityBean      : Application availability state LivenessState changed to CORRECT
2024-02-05 14:44:11.692  INFO 6228 --- [main] o.s.b.a.ApplicationAvailabilityBean      : Application availability state ReadinessState changed to ACCEPTING_TRAFFIC
2024-02-05 14:44:11.692  INFO 6228 --- [main] c.e.WireMock.controller.LogController    : This is an info message
2024-02-05 14:44:11.692  WARN 6228 --- [main] c.e.WireMock.controller.LogController    : This is a warn message
2024-02-05 14:44:11.692 ERROR 6228 --- [main] c.e.WireMock.controller.LogController    : This is an error message
2024-02-05 14:44:16.975  INFO 21384 --- [main] c.e.W.WireMockAndSpockTestApplication    : Starting WireMockAndSpockTestApplication using Java 17.0.9 on CHE-JRAJAN-LT with PID 21384 (C:\Users\jayasri.rajan\Downloads\WireMockAndSpockTest\WireMockAndSpockTest\target\classes started by Jayasri.Rajan in C:\Users\jayasri.rajan\Downloads\WireMockAndSpockTest)
2024-02-05 14:44:16.978  INFO 21384 --- [main] c.e.W.WireMockAndSpockTestApplication    : No active profile set, falling back to default profiles: default
2024-02-05 14:44:18.021  INFO 21384 --- [main] o.s.b.w.embedded.tomcat.TomcatWebServer  : Tomcat initialized with port(s): 8081 (http)
2024-02-05 14:44:18.031  INFO 21384 --- [main] o.apache.catalina.core.StandardService   : Starting service [Tomcat]
2024-02-05 14:44:18.031  INFO 21384 --- [main] org.apache.catalina.core.StandardEngine  : Starting Servlet engine: [Apache Tomcat/9.0.46]
2024-02-05 14:44:18.101  INFO 21384 --- [main] o.a.c.c.C.[Tomcat].[localhost].[/]       : Initializing Spring embedded WebApplicationContext
2024-02-05 14:44:18.102  INFO 21384 --- [main] w.s.c.ServletWebServerApplicationContext : Root WebApplicationContext: initialization completed in 1065 ms
2024-02-05 14:44:18.869  INFO 21384 --- [main] o.s.b.w.embedded.tomcat.TomcatWebServer  : Tomcat started on port(s): 8081 (http) with context path ''
2024-02-05 14:44:18.878  INFO 21384 --- [main] c.e.W.WireMockAndSpockTestApplication    : Started WireMockAndSpockTestApplication in 2.335 seconds (JVM running for 2.672)
2024-02-05 14:44:18.880  INFO 21384 --- [main] o.s.b.a.ApplicationAvailabilityBean      : Application availability state LivenessState changed to CORRECT
2024-02-05 14:44:18.882  INFO 21384 --- [main] o.s.b.a.ApplicationAvailabilityBean      : Application availability state ReadinessState changed to ACCEPTING_TRAFFIC
2024-02-05 14:44:18.882  INFO 21384 --- [main] c.e.WireMock.controller.LogController    : This is an info message
2024-02-05 14:44:18.882  WARN 21384 --- [main] c.e.WireMock.controller.LogController    : This is a warn message
2024-02-05 14:44:18.882 ERROR 21384 --- [main] c.e.WireMock.controller.LogController    : This is an error message
2024-02-05 14:44:25.942  INFO 21384 --- [http-nio-8081-exec-1] o.a.c.c.C.[Tomcat].[localhost].[/]       : Initializing Spring DispatcherServlet 'dispatcherServlet'
2024-02-05 14:44:25.969 DEBUG 21384 --- [http-nio-8081-exec-1] o.s.web.client.RestTemplate              : HTTP GET http://localhost:8080/vending-machine/get-item
2024-02-05 14:44:25.972 DEBUG 21384 --- [http-nio-8081-exec-1] o.s.web.client.RestTemplate              : Accept=[text/plain, application/json, application/*+json, */*]
2024-02-05 14:44:25.999 DEBUG 21384 --- [http-nio-8081-exec-1] o.s.web.client.RestTemplate              : Response 200 OK
