2024-02-05 12:52:17.045  INFO 7120 --- [main] c.e.W.WireMockAndSpockTestApplication    : Starting WireMockAndSpockTestApplication using Java 17.0.9 on CHE-JRAJAN-LT with PID 7120 (C:\Users\jayasri.rajan\Downloads\WireMockAndSpockTest\WireMockAndSpockTest\target\classes started by Jayasri.Rajan in C:\Users\jayasri.rajan\Downloads\WireMockAndSpockTest)
2024-02-05 12:52:17.048  INFO 7120 --- [main] c.e.W.WireMockAndSpockTestApplication    : No active profile set, falling back to default profiles: default
2024-02-05 12:52:19.039  INFO 7120 --- [main] o.s.b.w.embedded.tomcat.TomcatWebServer  : Tomcat initialized with port(s): 8081 (http)
2024-02-05 12:52:19.051  INFO 7120 --- [main] o.apache.catalina.core.StandardService   : Starting service [Tomcat]
2024-02-05 12:52:19.052  INFO 7120 --- [main] org.apache.catalina.core.StandardEngine  : Starting Servlet engine: [Apache Tomcat/9.0.46]
2024-02-05 12:52:19.188  INFO 7120 --- [main] o.a.c.c.C.[Tomcat].[localhost].[/]       : Initializing Spring embedded WebApplicationContext
2024-02-05 12:52:19.189  INFO 7120 --- [main] w.s.c.ServletWebServerApplicationContext : Root WebApplicationContext: initialization completed in 2036 ms
2024-02-05 12:52:20.942  INFO 7120 --- [main] o.s.b.w.embedded.tomcat.TomcatWebServer  : Tomcat started on port(s): 8081 (http) with context path ''
2024-02-05 12:52:20.957  INFO 7120 --- [main] c.e.W.WireMockAndSpockTestApplication    : Started WireMockAndSpockTestApplication in 4.72 seconds (JVM running for 5.313)
2024-02-05 12:52:20.959  INFO 7120 --- [main] o.s.b.a.ApplicationAvailabilityBean      : Application availability state LivenessState changed to CORRECT
2024-02-05 12:52:20.966  INFO 7120 --- [main] o.s.b.a.ApplicationAvailabilityBean      : Application availability state ReadinessState changed to ACCEPTING_TRAFFIC
2024-02-05 12:52:20.967  INFO 7120 --- [main] c.e.WireMock.controller.LogController    : This is an info message
2024-02-05 12:52:20.967  WARN 7120 --- [main] c.e.WireMock.controller.LogController    : This is a warn message
2024-02-05 12:52:20.968 ERROR 7120 --- [main] c.e.WireMock.controller.LogController    : This is an error message
2024-02-05 12:52:25.810  INFO 7120 --- [http-nio-8081-exec-1] o.a.c.c.C.[Tomcat].[localhost].[/]       : Initializing Spring DispatcherServlet 'dispatcherServlet'
2024-02-05 12:52:25.811  INFO 7120 --- [http-nio-8081-exec-1] o.s.web.servlet.DispatcherServlet        : Initializing Servlet 'dispatcherServlet'
2024-02-05 12:52:25.812  INFO 7120 --- [http-nio-8081-exec-1] o.s.web.servlet.DispatcherServlet        : Completed initialization in 1 ms
2024-02-05 12:52:54.747 DEBUG 7120 --- [http-nio-8081-exec-3] o.s.web.client.RestTemplate              : HTTP GET http://localhost:8080/vending-machine/total-items
2024-02-05 12:52:54.750 DEBUG 7120 --- [http-nio-8081-exec-3] o.s.web.client.RestTemplate              : Accept=[text/plain, application/json, application/*+json, */*]
2024-02-05 12:52:54.865 DEBUG 7120 --- [http-nio-8081-exec-3] o.s.web.client.RestTemplate              : Response 200 OK
2024-02-05 12:57:47.019  INFO 20200 --- [main] c.e.W.WireMockAndSpockTestApplication    : Starting WireMockAndSpockTestApplication using Java 17.0.9 on CHE-JRAJAN-LT with PID 20200 (C:\Users\jayasri.rajan\Downloads\WireMockAndSpockTest\WireMockAndSpockTest\target\classes started by Jayasri.Rajan in C:\Users\jayasri.rajan\Downloads\WireMockAndSpockTest)
2024-02-05 12:57:47.024  INFO 20200 --- [main] c.e.W.WireMockAndSpockTestApplication    : No active profile set, falling back to default profiles: default
2024-02-05 12:57:49.033  INFO 20200 --- [main] o.s.b.w.embedded.tomcat.TomcatWebServer  : Tomcat initialized with port(s): 8081 (http)
2024-02-05 12:57:49.049  INFO 20200 --- [main] o.apache.catalina.core.StandardService   : Starting service [Tomcat]
2024-02-05 12:57:49.049  INFO 20200 --- [main] org.apache.catalina.core.StandardEngine  : Starting Servlet engine: [Apache Tomcat/9.0.46]
2024-02-05 12:57:49.158  INFO 20200 --- [main] o.a.c.c.C.[Tomcat].[localhost].[/]       : Initializing Spring embedded WebApplicationContext
2024-02-05 12:57:49.158  INFO 20200 --- [main] w.s.c.ServletWebServerApplicationContext : Root WebApplicationContext: initialization completed in 2007 ms
2024-02-05 12:57:50.524  INFO 20200 --- [main] o.s.b.w.embedded.tomcat.TomcatWebServer  : Tomcat started on port(s): 8081 (http) with context path ''
2024-02-05 12:57:50.541  INFO 20200 --- [main] c.e.W.WireMockAndSpockTestApplication    : Started WireMockAndSpockTestApplication in 4.353 seconds (JVM running for 4.912)
2024-02-05 12:57:50.544  INFO 20200 --- [main] o.s.b.a.ApplicationAvailabilityBean      : Application availability state LivenessState changed to CORRECT
2024-02-05 12:57:50.547  INFO 20200 --- [main] o.s.b.a.ApplicationAvailabilityBean      : Application availability state ReadinessState changed to ACCEPTING_TRAFFIC
2024-02-05 12:57:50.547  INFO 20200 --- [main] c.e.WireMock.controller.LogController    : This is an info message
2024-02-05 12:57:50.547  WARN 20200 --- [main] c.e.WireMock.controller.LogController    : This is a warn message
2024-02-05 12:57:50.547 ERROR 20200 --- [main] c.e.WireMock.controller.LogController    : This is an error message
2024-02-05 12:57:58.787  INFO 20200 --- [http-nio-8081-exec-2] o.a.c.c.C.[Tomcat].[localhost].[/]       : Initializing Spring DispatcherServlet 'dispatcherServlet'
2024-02-05 12:57:58.788  INFO 20200 --- [http-nio-8081-exec-2] o.s.web.servlet.DispatcherServlet        : Initializing Servlet 'dispatcherServlet'
2024-02-05 12:57:58.791  INFO 20200 --- [http-nio-8081-exec-2] o.s.web.servlet.DispatcherServlet        : Completed initialization in 2 ms
2024-02-05 12:57:58.855 DEBUG 20200 --- [http-nio-8081-exec-2] o.s.web.client.RestTemplate              : HTTP GET http://localhost:8080/vending-machine/total-items
2024-02-05 12:57:58.858 DEBUG 20200 --- [http-nio-8081-exec-2] o.s.web.client.RestTemplate              : Accept=[text/plain, application/json, application/*+json, */*]
2024-02-05 12:57:58.906 DEBUG 20200 --- [http-nio-8081-exec-2] o.s.web.client.RestTemplate              : Response 200 OK
2024-02-05 13:02:21.301  INFO 13064 --- [main] c.e.W.WireMockAndSpockTestApplication    : Starting WireMockAndSpockTestApplication using Java 17.0.9 on CHE-JRAJAN-LT with PID 13064 (C:\Users\jayasri.rajan\Downloads\WireMockAndSpockTest\WireMockAndSpockTest\target\classes started by Jayasri.Rajan in C:\Users\jayasri.rajan\Downloads\WireMockAndSpockTest)
2024-02-05 13:02:21.344  INFO 13064 --- [main] c.e.W.WireMockAndSpockTestApplication    : No active profile set, falling back to default profiles: default
2024-02-05 13:02:23.090  INFO 13064 --- [main] o.s.b.w.embedded.tomcat.TomcatWebServer  : Tomcat initialized with port(s): 8081 (http)
2024-02-05 13:02:23.115  INFO 13064 --- [main] o.apache.catalina.core.StandardService   : Starting service [Tomcat]
2024-02-05 13:02:23.116  INFO 13064 --- [main] org.apache.catalina.core.StandardEngine  : Starting Servlet engine: [Apache Tomcat/9.0.46]
2024-02-05 13:02:23.264  INFO 13064 --- [main] o.a.c.c.C.[Tomcat].[localhost].[/]       : Initializing Spring embedded WebApplicationContext
2024-02-05 13:02:23.264  INFO 13064 --- [main] w.s.c.ServletWebServerApplicationContext : Root WebApplicationContext: initialization completed in 1804 ms
2024-02-05 13:02:24.422  INFO 13064 --- [main] o.s.b.w.embedded.tomcat.TomcatWebServer  : Tomcat started on port(s): 8081 (http) with context path ''
2024-02-05 13:02:24.435  INFO 13064 --- [main] c.e.W.WireMockAndSpockTestApplication    : Started WireMockAndSpockTestApplication in 3.777 seconds (JVM running for 4.264)
2024-02-05 13:02:24.436  INFO 13064 --- [main] o.s.b.a.ApplicationAvailabilityBean      : Application availability state LivenessState changed to CORRECT
2024-02-05 13:02:24.438  INFO 13064 --- [main] o.s.b.a.ApplicationAvailabilityBean      : Application availability state ReadinessState changed to ACCEPTING_TRAFFIC
2024-02-05 13:02:24.439  INFO 13064 --- [main] c.e.WireMock.controller.LogController    : This is an info message
2024-02-05 13:02:24.439  WARN 13064 --- [main] c.e.WireMock.controller.LogController    : This is a warn message
2024-02-05 13:02:24.439 ERROR 13064 --- [main] c.e.WireMock.controller.LogController    : This is an error message
2024-02-05 13:02:40.143  INFO 13064 --- [http-nio-8081-exec-1] o.a.c.c.C.[Tomcat].[localhost].[/]       : Initializing Spring DispatcherServlet 'dispatcherServlet'
2024-02-05 13:02:40.144  INFO 13064 --- [http-nio-8081-exec-1] o.s.web.servlet.DispatcherServlet        : Initializing Servlet 'dispatcherServlet'
2024-02-05 13:02:40.146  INFO 13064 --- [http-nio-8081-exec-1] o.s.web.servlet.DispatcherServlet        : Completed initialization in 2 ms
2024-02-05 13:02:40.229 DEBUG 13064 --- [http-nio-8081-exec-1] o.s.web.client.RestTemplate              : HTTP GET http://localhost:8080/vending-machine/total-items
2024-02-05 13:02:40.236 DEBUG 13064 --- [http-nio-8081-exec-1] o.s.web.client.RestTemplate              : Accept=[text/plain, application/json, application/*+json, */*]
2024-02-05 13:02:40.345 DEBUG 13064 --- [http-nio-8081-exec-1] o.s.web.client.RestTemplate              : Response 200 OK
2024-02-05 13:03:01.914 DEBUG 13064 --- [http-nio-8081-exec-3] o.s.web.client.RestTemplate              : HTTP GET http://localhost:8080/vending-machine/get-item
2024-02-05 13:03:01.917 DEBUG 13064 --- [http-nio-8081-exec-3] o.s.web.client.RestTemplate              : Accept=[text/plain, application/json, application/*+json, */*]
2024-02-05 13:03:01.997 DEBUG 13064 --- [http-nio-8081-exec-3] o.s.web.client.RestTemplate              : Response 200 OK
2024-02-05 13:03:39.059  INFO 13064 --- [http-nio-8081-exec-2] o.springdoc.api.AbstractOpenApiResource  : Init duration for springdoc-openapi is: 554 ms
2024-02-05 13:03:59.588 DEBUG 13064 --- [http-nio-8081-exec-1] o.s.web.client.RestTemplate              : HTTP POST http://localhost:8080/vending-machine/initialize
2024-02-05 13:03:59.590 DEBUG 13064 --- [http-nio-8081-exec-1] o.s.web.client.RestTemplate              : Accept=[text/plain, application/json, application/*+json, */*]
2024-02-05 13:03:59.607 DEBUG 13064 --- [http-nio-8081-exec-1] o.s.web.client.RestTemplate              : Writing [[Item{idItem=2, itemCode='B', itemName='Chips', quantity=1, itemCost=1.0}]] as "application/json"
2024-02-05 13:03:59.702 DEBUG 13064 --- [http-nio-8081-exec-1] o.s.web.client.RestTemplate              : Response 200 OK
2024-02-05 13:05:00.924  INFO 9484 --- [main] c.e.W.WireMockAndSpockTestApplication    : Starting WireMockAndSpockTestApplication using Java 17.0.9 on CHE-JRAJAN-LT with PID 9484 (C:\Users\jayasri.rajan\Downloads\WireMockAndSpockTest\WireMockAndSpockTest\target\classes started by Jayasri.Rajan in C:\Users\jayasri.rajan\Downloads\WireMockAndSpockTest)
2024-02-05 13:05:00.927  INFO 9484 --- [main] c.e.W.WireMockAndSpockTestApplication    : No active profile set, falling back to default profiles: default
2024-02-05 13:05:02.833  INFO 9484 --- [main] o.s.b.w.embedded.tomcat.TomcatWebServer  : Tomcat initialized with port(s): 8081 (http)
2024-02-05 13:05:02.851  INFO 9484 --- [main] o.apache.catalina.core.StandardService   : Starting service [Tomcat]
2024-02-05 13:05:02.852  INFO 9484 --- [main] org.apache.catalina.core.StandardEngine  : Starting Servlet engine: [Apache Tomcat/9.0.46]
2024-02-05 13:05:03.005  INFO 9484 --- [main] o.a.c.c.C.[Tomcat].[localhost].[/]       : Initializing Spring embedded WebApplicationContext
2024-02-05 13:05:03.006  INFO 9484 --- [main] w.s.c.ServletWebServerApplicationContext : Root WebApplicationContext: initialization completed in 1993 ms
2024-02-05 13:05:04.333  INFO 9484 --- [main] o.s.b.w.embedded.tomcat.TomcatWebServer  : Tomcat started on port(s): 8081 (http) with context path ''
2024-02-05 13:05:04.347  INFO 9484 --- [main] c.e.W.WireMockAndSpockTestApplication    : Started WireMockAndSpockTestApplication in 4.181 seconds (JVM running for 4.71)
2024-02-05 13:05:04.349  INFO 9484 --- [main] o.s.b.a.ApplicationAvailabilityBean      : Application availability state LivenessState changed to CORRECT
2024-02-05 13:05:04.352  INFO 9484 --- [main] o.s.b.a.ApplicationAvailabilityBean      : Application availability state ReadinessState changed to ACCEPTING_TRAFFIC
2024-02-05 13:05:04.352  INFO 9484 --- [main] c.e.WireMock.controller.LogController    : This is an info message
2024-02-05 13:05:04.353  WARN 9484 --- [main] c.e.WireMock.controller.LogController    : This is a warn message
2024-02-05 13:05:04.353 ERROR 9484 --- [main] c.e.WireMock.controller.LogController    : This is an error message
2024-02-05 13:05:20.735  INFO 9484 --- [http-nio-8081-exec-1] o.a.c.c.C.[Tomcat].[localhost].[/]       : Initializing Spring DispatcherServlet 'dispatcherServlet'
2024-02-05 13:05:20.736  INFO 9484 --- [http-nio-8081-exec-1] o.s.web.servlet.DispatcherServlet        : Initializing Servlet 'dispatcherServlet'
2024-02-05 13:05:20.739  INFO 9484 --- [http-nio-8081-exec-1] o.s.web.servlet.DispatcherServlet        : Completed initialization in 2 ms
2024-02-05 13:05:20.896 DEBUG 9484 --- [http-nio-8081-exec-1] o.s.web.client.RestTemplate              : HTTP POST http://localhost:8080/vending-machine/add-change
2024-02-05 13:05:20.900 DEBUG 9484 --- [http-nio-8081-exec-1] o.s.web.client.RestTemplate              : Accept=[text/plain, application/json, application/*+json, */*]
2024-02-05 13:05:20.911 DEBUG 9484 --- [http-nio-8081-exec-1] o.s.web.client.RestTemplate              : Writing [{1.0=0}] as "application/json"
2024-02-05 13:05:21.069 DEBUG 9484 --- [http-nio-8081-exec-1] o.s.web.client.RestTemplate              : Response 200 OK
2024-02-05 13:09:59.009  INFO 17868 --- [main] c.e.W.WireMockAndSpockTestApplication    : Starting WireMockAndSpockTestApplication using Java 17.0.9 on CHE-JRAJAN-LT with PID 17868 (C:\Users\jayasri.rajan\Downloads\WireMockAndSpockTest\WireMockAndSpockTest\target\classes started by Jayasri.Rajan in C:\Users\jayasri.rajan\Downloads\WireMockAndSpockTest)
2024-02-05 13:09:59.012  INFO 17868 --- [main] c.e.W.WireMockAndSpockTestApplication    : No active profile set, falling back to default profiles: default
2024-02-05 13:10:00.065  INFO 17868 --- [main] o.s.b.w.embedded.tomcat.TomcatWebServer  : Tomcat initialized with port(s): 8081 (http)
2024-02-05 13:10:00.077  INFO 17868 --- [main] o.apache.catalina.core.StandardService   : Starting service [Tomcat]
2024-02-05 13:10:00.078  INFO 17868 --- [main] org.apache.catalina.core.StandardEngine  : Starting Servlet engine: [Apache Tomcat/9.0.46]
2024-02-05 13:10:00.167  INFO 17868 --- [main] o.a.c.c.C.[Tomcat].[localhost].[/]       : Initializing Spring embedded WebApplicationContext
2024-02-05 13:10:00.168  INFO 17868 --- [main] w.s.c.ServletWebServerApplicationContext : Root WebApplicationContext: initialization completed in 1098 ms
2024-02-05 13:10:01.044  INFO 17868 --- [main] o.s.b.w.embedded.tomcat.TomcatWebServer  : Tomcat started on port(s): 8081 (http) with context path ''
2024-02-05 13:10:01.052  INFO 17868 --- [main] c.e.W.WireMockAndSpockTestApplication    : Started WireMockAndSpockTestApplication in 2.473 seconds (JVM running for 2.811)
2024-02-05 13:10:01.053  INFO 17868 --- [main] o.s.b.a.ApplicationAvailabilityBean      : Application availability state LivenessState changed to CORRECT
2024-02-05 13:10:01.054  INFO 17868 --- [main] o.s.b.a.ApplicationAvailabilityBean      : Application availability state ReadinessState changed to ACCEPTING_TRAFFIC
2024-02-05 13:10:01.055  INFO 17868 --- [main] c.e.WireMock.controller.LogController    : This is an info message
2024-02-05 13:10:01.055  WARN 17868 --- [main] c.e.WireMock.controller.LogController    : This is a warn message
2024-02-05 13:10:01.055 ERROR 17868 --- [main] c.e.WireMock.controller.LogController    : This is an error message
2024-02-05 13:10:12.925  INFO 17868 --- [http-nio-8081-exec-2] o.a.c.c.C.[Tomcat].[localhost].[/]       : Initializing Spring DispatcherServlet 'dispatcherServlet'
2024-02-05 13:10:12.926  INFO 17868 --- [http-nio-8081-exec-2] o.s.web.servlet.DispatcherServlet        : Initializing Servlet 'dispatcherServlet'
2024-02-05 13:10:12.926  INFO 17868 --- [http-nio-8081-exec-2] o.s.web.servlet.DispatcherServlet        : Completed initialization in 0 ms
2024-02-05 14:30:47.069  INFO 12264 --- [main] c.e.W.WireMockAndSpockTestApplication    : Starting WireMockAndSpockTestApplication using Java 17.0.9 on CHE-JRAJAN-LT with PID 12264 (C:\Users\jayasri.rajan\Downloads\WireMockAndSpockTest\WireMockAndSpockTest\target\classes started by Jayasri.Rajan in C:\Users\jayasri.rajan\Downloads\WireMockAndSpockTest)
2024-02-05 14:30:47.072  INFO 12264 --- [main] c.e.W.WireMockAndSpockTestApplication    : No active profile set, falling back to default profiles: default
2024-02-05 14:30:48.229  INFO 12264 --- [main] o.s.b.w.embedded.tomcat.TomcatWebServer  : Tomcat initialized with port(s): 8081 (http)
2024-02-05 14:30:48.249  INFO 12264 --- [main] o.apache.catalina.core.StandardService   : Starting service [Tomcat]
2024-02-05 14:30:48.250  INFO 12264 --- [main] org.apache.catalina.core.StandardEngine  : Starting Servlet engine: [Apache Tomcat/9.0.46]
2024-02-05 14:30:48.369  INFO 12264 --- [main] o.a.c.c.C.[Tomcat].[localhost].[/]       : Initializing Spring embedded WebApplicationContext
2024-02-05 14:30:48.369  INFO 12264 --- [main] w.s.c.ServletWebServerApplicationContext : Root WebApplicationContext: initialization completed in 1231 ms
2024-02-05 14:30:49.301  INFO 12264 --- [main] o.s.b.w.embedded.tomcat.TomcatWebServer  : Tomcat started on port(s): 8081 (http) with context path ''
2024-02-05 14:30:49.311  INFO 12264 --- [main] c.e.W.WireMockAndSpockTestApplication    : Started WireMockAndSpockTestApplication in 2.67 seconds (JVM running for 3.021)
2024-02-05 14:30:49.312  INFO 12264 --- [main] o.s.b.a.ApplicationAvailabilityBean      : Application availability state LivenessState changed to CORRECT
2024-02-05 14:30:49.314  INFO 12264 --- [main] o.s.b.a.ApplicationAvailabilityBean      : Application availability state ReadinessState changed to ACCEPTING_TRAFFIC
2024-02-05 14:30:49.314  INFO 12264 --- [main] c.e.WireMock.controller.LogController    : This is an info message
2024-02-05 14:30:49.314  WARN 12264 --- [main] c.e.WireMock.controller.LogController    : This is a warn message
2024-02-05 14:30:49.314 ERROR 12264 --- [main] c.e.WireMock.controller.LogController    : This is an error message
2024-02-05 14:30:53.680  INFO 12264 --- [http-nio-8081-exec-1] o.a.c.c.C.[Tomcat].[localhost].[/]       : Initializing Spring DispatcherServlet 'dispatcherServlet'
2024-02-05 14:30:53.680  INFO 12264 --- [http-nio-8081-exec-1] o.s.web.servlet.DispatcherServlet        : Initializing Servlet 'dispatcherServlet'
2024-02-05 14:30:53.681  INFO 12264 --- [http-nio-8081-exec-1] o.s.web.servlet.DispatcherServlet        : Completed initialization in 0 ms
2024-02-05 14:38:22.162  INFO 3176 --- [main] c.e.W.WireMockAndSpockTestApplication    : Starting WireMockAndSpockTestApplication using Java 17.0.9 on CHE-JRAJAN-LT with PID 3176 (C:\Users\jayasri.rajan\Downloads\WireMockAndSpockTest\WireMockAndSpockTest\target\classes started by Jayasri.Rajan in C:\Users\jayasri.rajan\Downloads\WireMockAndSpockTest)
2024-02-05 14:38:22.165  INFO 3176 --- [main] c.e.W.WireMockAndSpockTestApplication    : No active profile set, falling back to default profiles: default
2024-02-05 14:38:23.292  INFO 3176 --- [main] o.apache.catalina.core.StandardService   : Starting service [Tomcat]
2024-02-05 14:38:23.293  INFO 3176 --- [main] org.apache.catalina.core.StandardEngine  : Starting Servlet engine: [Apache Tomcat/9.0.46]
2024-02-05 14:38:23.383  INFO 3176 --- [main] o.a.c.c.C.[Tomcat].[localhost].[/]       : Initializing Spring embedded WebApplicationContext
2024-02-05 14:38:24.319  INFO 3176 --- [main] c.e.W.WireMockAndSpockTestApplication    : Started WireMockAndSpockTestApplication in 2.581 seconds (JVM running for 2.909)
2024-02-05 14:38:24.321  INFO 3176 --- [main] c.e.WireMock.controller.LogController    : This is an info message
2024-02-05 14:38:24.321  WARN 3176 --- [main] c.e.WireMock.controller.LogController    : This is a warn message
2024-02-05 14:38:24.321 ERROR 3176 --- [main] c.e.WireMock.controller.LogController    : This is an error message
2024-02-05 14:38:40.058  INFO 3176 --- [http-nio-8081-exec-1] o.a.c.c.C.[Tomcat].[localhost].[/]       : Initializing Spring DispatcherServlet 'dispatcherServlet'
2024-02-05 14:39:53.251  INFO 19640 --- [main] c.e.W.WireMockAndSpockTestApplication    : Starting WireMockAndSpockTestApplication using Java 17.0.9 on CHE-JRAJAN-LT with PID 19640 (C:\Users\jayasri.rajan\Downloads\WireMockAndSpockTest\WireMockAndSpockTest\target\classes started by Jayasri.Rajan in C:\Users\jayasri.rajan\Downloads\WireMockAndSpockTest)
2024-02-05 14:39:53.255  INFO 19640 --- [main] c.e.W.WireMockAndSpockTestApplication    : No active profile set, falling back to default profiles: default
2024-02-05 14:39:54.301  INFO 19640 --- [main] o.apache.catalina.core.StandardService   : Starting service [Tomcat]
2024-02-05 14:39:54.302  INFO 19640 --- [main] org.apache.catalina.core.StandardEngine  : Starting Servlet engine: [Apache Tomcat/9.0.46]
2024-02-05 14:39:54.361  INFO 19640 --- [main] o.a.c.c.C.[Tomcat].[localhost].[/]       : Initializing Spring embedded WebApplicationContext
2024-02-05 14:39:55.207  INFO 19640 --- [main] c.e.W.WireMockAndSpockTestApplication    : Started WireMockAndSpockTestApplication in 2.364 seconds (JVM running for 2.689)
2024-02-05 14:39:55.210  INFO 19640 --- [main] c.e.WireMock.controller.LogController    : This is an info message
2024-02-05 14:39:55.210  WARN 19640 --- [main] c.e.WireMock.controller.LogController    : This is a warn message
2024-02-05 14:39:55.210 ERROR 19640 --- [main] c.e.WireMock.controller.LogController    : This is an error message
2024-02-05 14:40:00.899  INFO 19640 --- [http-nio-8081-exec-1] o.a.c.c.C.[Tomcat].[localhost].[/]       : Initializing Spring DispatcherServlet 'dispatcherServlet'
2024-02-05 14:45:53.054  INFO 23580 --- [main] c.e.W.WireMockAndSpockTestApplication    : Starting WireMockAndSpockTestApplication using Java 17.0.9 on CHE-JRAJAN-LT with PID 23580 (C:\Users\jayasri.rajan\Downloads\WireMockAndSpockTest\WireMockAndSpockTest\target\classes started by Jayasri.Rajan in C:\Users\jayasri.rajan\Downloads\WireMockAndSpockTest)
2024-02-05 14:45:53.057 DEBUG 23580 --- [main] c.e.W.WireMockAndSpockTestApplication    : Running with Spring Boot v2.5.0, Spring v5.3.7
2024-02-05 14:45:53.058  INFO 23580 --- [main] c.e.W.WireMockAndSpockTestApplication    : No active profile set, falling back to default profiles: default
2024-02-05 14:45:54.258  INFO 23580 --- [main] o.s.b.w.embedded.tomcat.TomcatWebServer  : Tomcat initialized with port(s): 8081 (http)
2024-02-05 14:45:54.267  INFO 23580 --- [main] o.apache.catalina.core.StandardService   : Starting service [Tomcat]
2024-02-05 14:45:54.268  INFO 23580 --- [main] org.apache.catalina.core.StandardEngine  : Starting Servlet engine: [Apache Tomcat/9.0.46]
2024-02-05 14:45:54.336  INFO 23580 --- [main] o.a.c.c.C.[Tomcat].[localhost].[/]       : Initializing Spring embedded WebApplicationContext
2024-02-05 14:45:54.337  INFO 23580 --- [main] w.s.c.ServletWebServerApplicationContext : Root WebApplicationContext: initialization completed in 1212 ms
2024-02-05 14:45:55.347  INFO 23580 --- [main] o.s.b.w.embedded.tomcat.TomcatWebServer  : Tomcat started on port(s): 8081 (http) with context path ''
2024-02-05 14:45:55.364  INFO 23580 --- [main] c.e.W.WireMockAndSpockTestApplication    : Started WireMockAndSpockTestApplication in 2.751 seconds (JVM running for 3.073)
2024-02-05 14:45:55.368  INFO 23580 --- [main] o.s.b.a.ApplicationAvailabilityBean      : Application availability state LivenessState changed to CORRECT
2024-02-05 14:45:55.371  INFO 23580 --- [main] o.s.b.a.ApplicationAvailabilityBean      : Application availability state ReadinessState changed to ACCEPTING_TRAFFIC
2024-02-05 14:45:55.372 DEBUG 23580 --- [main] c.e.WireMock.controller.LogController    : This is a debug message
2024-02-05 14:45:55.373  INFO 23580 --- [main] c.e.WireMock.controller.LogController    : This is an info message
2024-02-05 14:45:55.374  WARN 23580 --- [main] c.e.WireMock.controller.LogController    : This is a warn message
2024-02-05 14:45:55.374 ERROR 23580 --- [main] c.e.WireMock.controller.LogController    : This is an error message
2024-02-05 14:46:06.278  INFO 23580 --- [http-nio-8081-exec-1] o.a.c.c.C.[Tomcat].[localhost].[/]       : Initializing Spring DispatcherServlet 'dispatcherServlet'
2024-02-05 14:46:09.675 DEBUG 23580 --- [http-nio-8081-exec-2] o.s.web.client.RestTemplate              : HTTP GET http://localhost:8080/vending-machine/get-item
2024-02-05 14:46:09.677 DEBUG 23580 --- [http-nio-8081-exec-2] o.s.web.client.RestTemplate              : Accept=[text/plain, application/json, application/*+json, */*]
2024-02-05 14:46:09.679 DEBUG 23580 --- [http-nio-8081-exec-2] c.e.WireMock.config.LoggingInterceptor   : Request URI: http://localhost:8080/vending-machine/get-item
2024-02-05 14:46:09.680 DEBUG 23580 --- [http-nio-8081-exec-2] c.e.WireMock.config.LoggingInterceptor   : Request method: GET
2024-02-05 14:46:09.681 DEBUG 23580 --- [http-nio-8081-exec-2] c.e.WireMock.config.LoggingInterceptor   : Request headers: [Accept:"text/plain, application/json, application/*+json, */*", Content-Type:"application/json", Content-Length:"0"]
2024-02-05 14:46:09.681 DEBUG 23580 --- [http-nio-8081-exec-2] c.e.WireMock.config.LoggingInterceptor   : Request body: 
2024-02-05 14:46:09.702 DEBUG 23580 --- [http-nio-8081-exec-2] c.e.WireMock.config.LoggingInterceptor   : Response status code: 200 OK
2024-02-05 14:46:09.703 DEBUG 23580 --- [http-nio-8081-exec-2] c.e.WireMock.config.LoggingInterceptor   : Response headers: [Content-Type:"application/json", Transfer-Encoding:"chunked", Date:"Mon, 05 Feb 2024 09:16:09 GMT", Keep-Alive:"timeout=60", Connection:"keep-alive"]
2024-02-05 14:46:09.704 DEBUG 23580 --- [http-nio-8081-exec-2] c.e.WireMock.config.LoggingInterceptor   : Response body: [{"idItem":1,"itemCode":"A","itemName":"Soda","quantity":1,"itemCost":1.0},{"idItem":2,"itemCode":"B","itemName":"Chips","quantity":1,"itemCost":1.0}]
2024-02-05 14:46:09.704 DEBUG 23580 --- [http-nio-8081-exec-2] o.s.web.client.RestTemplate              : Response 200 OK
2024-02-05 14:51:23.292  INFO 8564 --- [main] c.e.W.WireMockAndSpockTestApplication    : Starting WireMockAndSpockTestApplication using Java 17.0.9 on CHE-JRAJAN-LT with PID 8564 (C:\Users\jayasri.rajan\Downloads\WireMockAndSpockTest\WireMockAndSpockTest\target\classes started by Jayasri.Rajan in C:\Users\jayasri.rajan\Downloads\WireMockAndSpockTest)
2024-02-05 14:51:23.294 DEBUG 8564 --- [main] c.e.W.WireMockAndSpockTestApplication    : Running with Spring Boot v2.5.0, Spring v5.3.7
2024-02-05 14:51:23.294  INFO 8564 --- [main] c.e.W.WireMockAndSpockTestApplication    : No active profile set, falling back to default profiles: default
2024-02-05 14:51:25.267  INFO 8564 --- [main] c.e.W.WireMockAndSpockTestApplication    : Started WireMockAndSpockTestApplication in 2.406 seconds (JVM running for 2.732)
2024-02-05 14:51:25.272 DEBUG 8564 --- [main] c.e.WireMock.controller.LogController    : This is a debug message
2024-02-05 14:51:25.273  INFO 8564 --- [main] c.e.WireMock.controller.LogController    : This is an info message
2024-02-05 14:51:25.273  WARN 8564 --- [main] c.e.WireMock.controller.LogController    : This is a warn message
2024-02-05 14:51:25.273 ERROR 8564 --- [main] c.e.WireMock.controller.LogController    : This is an error message
2024-02-05 14:55:55.966  INFO 9520 --- [main] c.e.W.WireMockAndSpockTestApplication    : Starting WireMockAndSpockTestApplication using Java 17.0.9 on CHE-JRAJAN-LT with PID 9520 (C:\Users\jayasri.rajan\Downloads\WireMockAndSpockTest\WireMockAndSpockTest\target\classes started by Jayasri.Rajan in C:\Users\jayasri.rajan\Downloads\WireMockAndSpockTest)
2024-02-05 14:55:55.969 DEBUG 9520 --- [main] c.e.W.WireMockAndSpockTestApplication    : Running with Spring Boot v2.5.0, Spring v5.3.7
2024-02-05 14:55:55.970  INFO 9520 --- [main] c.e.W.WireMockAndSpockTestApplication    : No active profile set, falling back to default profiles: default
2024-02-05 14:55:58.017  INFO 9520 --- [main] c.e.W.WireMockAndSpockTestApplication    : Started WireMockAndSpockTestApplication in 2.5 seconds (JVM running for 2.849)
2024-02-05 14:55:58.022 DEBUG 9520 --- [main] c.e.WireMock.controller.LogController    : This is a debug message
2024-02-05 14:55:58.022  INFO 9520 --- [main] c.e.WireMock.controller.LogController    : This is an info message
2024-02-05 14:55:58.022  WARN 9520 --- [main] c.e.WireMock.controller.LogController    : This is a warn message
2024-02-05 14:55:58.023 ERROR 9520 --- [main] c.e.WireMock.controller.LogController    : This is an error message
2024-02-05 14:56:55.678  INFO 18272 --- [main] c.e.W.WireMockAndSpockTestApplication    : Starting WireMockAndSpockTestApplication using Java 17.0.9 on CHE-JRAJAN-LT with PID 18272 (C:\Users\jayasri.rajan\Downloads\WireMockAndSpockTest\WireMockAndSpockTest\target\classes started by Jayasri.Rajan in C:\Users\jayasri.rajan\Downloads\WireMockAndSpockTest)
2024-02-05 14:56:55.681 DEBUG 18272 --- [main] c.e.W.WireMockAndSpockTestApplication    : Running with Spring Boot v2.5.0, Spring v5.3.7
2024-02-05 14:56:55.682  INFO 18272 --- [main] c.e.W.WireMockAndSpockTestApplication    : No active profile set, falling back to default profiles: default
2024-02-05 14:56:56.739  INFO 18272 --- [main] o.s.b.w.embedded.tomcat.TomcatWebServer  : Tomcat initialized with port(s): 8081 (http)
2024-02-05 14:56:56.748  INFO 18272 --- [main] o.apache.catalina.core.StandardService   : Starting service [Tomcat]
2024-02-05 14:56:56.749  INFO 18272 --- [main] org.apache.catalina.core.StandardEngine  : Starting Servlet engine: [Apache Tomcat/9.0.46]
2024-02-05 14:56:56.820  INFO 18272 --- [main] o.a.c.c.C.[Tomcat].[localhost].[/]       : Initializing Spring embedded WebApplicationContext
2024-02-05 14:56:56.821  INFO 18272 --- [main] w.s.c.ServletWebServerApplicationContext : Root WebApplicationContext: initialization completed in 1077 ms
2024-02-05 14:56:57.703  INFO 18272 --- [main] o.s.b.w.embedded.tomcat.TomcatWebServer  : Tomcat started on port(s): 8081 (http) with context path ''
2024-02-05 14:56:57.711  INFO 18272 --- [main] c.e.W.WireMockAndSpockTestApplication    : Started WireMockAndSpockTestApplication in 2.472 seconds (JVM running for 2.786)
2024-02-05 14:56:57.713  INFO 18272 --- [main] o.s.b.a.ApplicationAvailabilityBean      : Application availability state LivenessState changed to CORRECT
2024-02-05 14:56:57.714  INFO 18272 --- [main] o.s.b.a.ApplicationAvailabilityBean      : Application availability state ReadinessState changed to ACCEPTING_TRAFFIC
2024-02-05 14:56:57.715 DEBUG 18272 --- [main] c.e.WireMock.controller.LogController    : This is a debug message
2024-02-05 14:56:57.715  INFO 18272 --- [main] c.e.WireMock.controller.LogController    : This is an info message
2024-02-05 14:56:57.715  WARN 18272 --- [main] c.e.WireMock.controller.LogController    : This is a warn message
2024-02-05 14:56:57.715 ERROR 18272 --- [main] c.e.WireMock.controller.LogController    : This is an error message
2024-02-05 14:57:23.545  INFO 18272 --- [http-nio-8081-exec-1] o.a.c.c.C.[Tomcat].[localhost].[/]       : Initializing Spring DispatcherServlet 'dispatcherServlet'
2024-02-05 14:57:23.721 DEBUG 18272 --- [http-nio-8081-exec-1] o.s.web.client.RestTemplate              : HTTP PUT http://localhost:8080/vending-machine/vend-items
2024-02-05 14:57:23.722 DEBUG 18272 --- [http-nio-8081-exec-1] o.s.web.client.RestTemplate              : Accept=[text/plain, application/json, application/*+json, */*]
2024-02-05 14:57:23.728 DEBUG 18272 --- [http-nio-8081-exec-1] o.s.web.client.RestTemplate              : Writing [[VendItemRequest{itemId=1, amount=1.0}]] as "application/json"
2024-02-05 14:57:23.761 DEBUG 18272 --- [http-nio-8081-exec-1] c.e.WireMock.config.LoggingInterceptor   : Request URI: http://localhost:8080/vending-machine/vend-items
2024-02-05 14:57:23.766 DEBUG 18272 --- [http-nio-8081-exec-1] c.e.WireMock.config.LoggingInterceptor   : Request method: PUT
2024-02-05 14:57:23.767 DEBUG 18272 --- [http-nio-8081-exec-1] c.e.WireMock.config.LoggingInterceptor   : Request headers: [Accept:"text/plain, application/json, application/*+json, */*", Content-Type:"application/json", Content-Length:"40"]
2024-02-05 14:57:23.768 DEBUG 18272 --- [http-nio-8081-exec-1] c.e.WireMock.config.LoggingInterceptor   : Request body: [{"itemId":1,"amount":1.0,"quantity":1}]
2024-02-05 14:57:23.947 DEBUG 18272 --- [http-nio-8081-exec-1] c.e.WireMock.config.LoggingInterceptor   : Response status code: 200 OK
2024-02-05 14:57:23.948 DEBUG 18272 --- [http-nio-8081-exec-1] c.e.WireMock.config.LoggingInterceptor   : Response headers: [Content-Type:"text/plain;charset=UTF-8", Content-Length:"36", Date:"Mon, 05 Feb 2024 09:27:23 GMT", Keep-Alive:"timeout=60", Connection:"keep-alive"]
2024-02-05 14:57:23.949 DEBUG 18272 --- [http-nio-8081-exec-1] c.e.WireMock.config.LoggingInterceptor   : Response body: Enjoy your Soda!!! Your Change: 0.0

2024-02-05 14:57:23.949 DEBUG 18272 --- [http-nio-8081-exec-1] o.s.web.client.RestTemplate              : Response 200 OK
2024-02-05 14:57:33.741 DEBUG 18272 --- [http-nio-8081-exec-2] o.s.web.client.RestTemplate              : HTTP PUT http://localhost:8080/vending-machine/vend-items
2024-02-05 14:57:33.742 DEBUG 18272 --- [http-nio-8081-exec-2] o.s.web.client.RestTemplate              : Accept=[text/plain, application/json, application/*+json, */*]
2024-02-05 14:57:33.743 DEBUG 18272 --- [http-nio-8081-exec-2] o.s.web.client.RestTemplate              : Writing [[VendItemRequest{itemId=1, amount=1.0}]] as "application/json"
2024-02-05 14:57:33.743 DEBUG 18272 --- [http-nio-8081-exec-2] c.e.WireMock.config.LoggingInterceptor   : Request URI: http://localhost:8080/vending-machine/vend-items
2024-02-05 14:57:33.743 DEBUG 18272 --- [http-nio-8081-exec-2] c.e.WireMock.config.LoggingInterceptor   : Request method: PUT
2024-02-05 14:57:33.743 DEBUG 18272 --- [http-nio-8081-exec-2] c.e.WireMock.config.LoggingInterceptor   : Request headers: [Accept:"text/plain, application/json, application/*+json, */*", Content-Type:"application/json", Content-Length:"40"]
2024-02-05 14:57:33.743 DEBUG 18272 --- [http-nio-8081-exec-2] c.e.WireMock.config.LoggingInterceptor   : Request body: [{"itemId":1,"amount":1.0,"quantity":1}]
2024-02-05 14:57:33.775 DEBUG 18272 --- [http-nio-8081-exec-2] c.e.WireMock.config.LoggingInterceptor   : Response status code: 404 NOT_FOUND
2024-02-05 14:57:33.775 DEBUG 18272 --- [http-nio-8081-exec-2] c.e.WireMock.config.LoggingInterceptor   : Response headers: [Content-Type:"application/json", Transfer-Encoding:"chunked", Date:"Mon, 05 Feb 2024 09:27:33 GMT", Keep-Alive:"timeout=60", Connection:"keep-alive"]
2024-02-05 14:57:33.776 DEBUG 18272 --- [http-nio-8081-exec-2] c.e.WireMock.config.LoggingInterceptor   : Response body: {"error":"Item Out Of Stock"}
2024-02-05 14:57:33.776 DEBUG 18272 --- [http-nio-8081-exec-2] o.s.web.client.RestTemplate              : Response 404 NOT_FOUND
2024-02-05 14:58:55.685  INFO 4904 --- [main] c.e.W.WireMockAndSpockTestApplication    : Starting WireMockAndSpockTestApplication using Java 17.0.9 on CHE-JRAJAN-LT with PID 4904 (C:\Users\jayasri.rajan\Downloads\WireMockAndSpockTest\WireMockAndSpockTest\target\classes started by Jayasri.Rajan in C:\Users\jayasri.rajan\Downloads\WireMockAndSpockTest)
2024-02-05 14:58:55.688 DEBUG 4904 --- [main] c.e.W.WireMockAndSpockTestApplication    : Running with Spring Boot v2.5.0, Spring v5.3.7
2024-02-05 14:58:55.688  INFO 4904 --- [main] c.e.W.WireMockAndSpockTestApplication    : No active profile set, falling back to default profiles: default
2024-02-05 14:58:56.754  INFO 4904 --- [main] o.s.b.w.embedded.tomcat.TomcatWebServer  : Tomcat initialized with port(s): 8081 (http)
2024-02-05 14:58:56.765  INFO 4904 --- [main] o.apache.catalina.core.StandardService   : Starting service [Tomcat]
2024-02-05 14:58:56.765  INFO 4904 --- [main] org.apache.catalina.core.StandardEngine  : Starting Servlet engine: [Apache Tomcat/9.0.46]
2024-02-05 14:58:56.835  INFO 4904 --- [main] o.a.c.c.C.[Tomcat].[localhost].[/]       : Initializing Spring embedded WebApplicationContext
2024-02-05 14:58:56.835  INFO 4904 --- [main] w.s.c.ServletWebServerApplicationContext : Root WebApplicationContext: initialization completed in 1081 ms
2024-02-05 14:58:57.746  INFO 4904 --- [main] o.s.b.w.embedded.tomcat.TomcatWebServer  : Tomcat started on port(s): 8081 (http) with context path ''
2024-02-05 14:58:57.763  INFO 4904 --- [main] c.e.W.WireMockAndSpockTestApplication    : Started WireMockAndSpockTestApplication in 2.53 seconds (JVM running for 2.907)
2024-02-05 14:58:57.765  INFO 4904 --- [main] o.s.b.a.ApplicationAvailabilityBean      : Application availability state LivenessState changed to CORRECT
2024-02-05 14:58:57.768  INFO 4904 --- [main] o.s.b.a.ApplicationAvailabilityBean      : Application availability state ReadinessState changed to ACCEPTING_TRAFFIC
2024-02-05 14:58:57.770 DEBUG 4904 --- [main] c.e.WireMock.controller.LogController    : This is a debug message
2024-02-05 14:58:57.770  INFO 4904 --- [main] c.e.WireMock.controller.LogController    : This is an info message
2024-02-05 14:58:57.771  WARN 4904 --- [main] c.e.WireMock.controller.LogController    : This is a warn message
2024-02-05 14:58:57.771 ERROR 4904 --- [main] c.e.WireMock.controller.LogController    : This is an error message
2024-02-05 14:59:21.018  INFO 4904 --- [http-nio-8081-exec-1] o.a.c.c.C.[Tomcat].[localhost].[/]       : Initializing Spring DispatcherServlet 'dispatcherServlet'
2024-02-05 14:59:21.491  INFO 4904 --- [http-nio-8081-exec-4] o.springdoc.api.AbstractOpenApiResource  : Init duration for springdoc-openapi is: 210 ms
2024-02-05 15:01:38.494  INFO 9220 --- [main] c.e.W.WireMockAndSpockTestApplication    : Starting WireMockAndSpockTestApplication using Java 17.0.9 on CHE-JRAJAN-LT with PID 9220 (C:\Users\jayasri.rajan\Downloads\WireMockAndSpockTest\WireMockAndSpockTest\target\classes started by Jayasri.Rajan in C:\Users\jayasri.rajan\Downloads\WireMockAndSpockTest)
2024-02-05 15:01:38.504  INFO 9220 --- [main] c.e.W.WireMockAndSpockTestApplication    : No active profile set, falling back to default profiles: default
2024-02-05 15:01:39.631  INFO 9220 --- [main] o.s.b.w.embedded.tomcat.TomcatWebServer  : Tomcat initialized with port(s): 8081 (http)
2024-02-05 15:01:39.657  INFO 9220 --- [main] o.apache.catalina.core.StandardService   : Starting service [Tomcat]
2024-02-05 15:01:39.657  INFO 9220 --- [main] org.apache.catalina.core.StandardEngine  : Starting Servlet engine: [Apache Tomcat/9.0.46]
2024-02-05 15:01:39.763  INFO 9220 --- [main] o.a.c.c.C.[Tomcat].[localhost].[/]       : Initializing Spring embedded WebApplicationContext
2024-02-05 15:01:39.764  INFO 9220 --- [main] w.s.c.ServletWebServerApplicationContext : Root WebApplicationContext: initialization completed in 1187 ms
2024-02-05 15:01:40.671  INFO 9220 --- [main] o.s.b.w.embedded.tomcat.TomcatWebServer  : Tomcat started on port(s): 8081 (http) with context path ''
2024-02-05 15:01:40.685  INFO 9220 --- [main] c.e.W.WireMockAndSpockTestApplication    : Started WireMockAndSpockTestApplication in 2.629 seconds (JVM running for 2.974)
2024-02-05 15:01:40.687  INFO 9220 --- [main] o.s.b.a.ApplicationAvailabilityBean      : Application availability state LivenessState changed to CORRECT
2024-02-05 15:01:40.689  INFO 9220 --- [main] o.s.b.a.ApplicationAvailabilityBean      : Application availability state ReadinessState changed to ACCEPTING_TRAFFIC
2024-02-05 15:01:40.690  INFO 9220 --- [main] c.e.WireMock.controller.LogController    : This is an info message
2024-02-05 15:01:40.690  WARN 9220 --- [main] c.e.WireMock.controller.LogController    : This is a warn message
2024-02-05 15:01:40.690 ERROR 9220 --- [main] c.e.WireMock.controller.LogController    : This is an error message
2024-02-05 15:03:20.318  INFO 9220 --- [http-nio-8081-exec-1] o.a.c.c.C.[Tomcat].[localhost].[/]       : Initializing Spring DispatcherServlet 'dispatcherServlet'
2024-02-05 15:03:20.925  INFO 9220 --- [http-nio-8081-exec-3] o.springdoc.api.AbstractOpenApiResource  : Init duration for springdoc-openapi is: 283 ms
2024-02-05 15:03:31.012 DEBUG 9220 --- [http-nio-8081-exec-4] o.s.web.client.RestTemplate              : HTTP GET http://localhost:8080/vending-machine/get-item
2024-02-05 15:03:31.015 DEBUG 9220 --- [http-nio-8081-exec-4] o.s.web.client.RestTemplate              : Accept=[text/plain, application/json, application/*+json, */*]
2024-02-05 15:03:31.194 DEBUG 9220 --- [http-nio-8081-exec-4] o.s.web.client.RestTemplate              : Response 200 OK
2024-02-05 15:06:43.117  INFO 20916 --- [main] c.e.W.WireMockAndSpockTestApplication    : Starting WireMockAndSpockTestApplication using Java 17.0.9 on CHE-JRAJAN-LT with PID 20916 (C:\Users\jayasri.rajan\Downloads\WireMockAndSpockTest\WireMockAndSpockTest\target\classes started by Jayasri.Rajan in C:\Users\jayasri.rajan\Downloads\WireMockAndSpockTest)
2024-02-05 15:06:43.120 DEBUG 20916 --- [main] c.e.W.WireMockAndSpockTestApplication    : Running with Spring Boot v2.5.0, Spring v5.3.7
2024-02-05 15:06:43.120  INFO 20916 --- [main] c.e.W.WireMockAndSpockTestApplication    : No active profile set, falling back to default profiles: default
2024-02-05 15:06:44.195  INFO 20916 --- [main] o.s.b.w.embedded.tomcat.TomcatWebServer  : Tomcat initialized with port(s): 8081 (http)
2024-02-05 15:06:44.205  INFO 20916 --- [main] o.apache.catalina.core.StandardService   : Starting service [Tomcat]
2024-02-05 15:06:44.205  INFO 20916 --- [main] org.apache.catalina.core.StandardEngine  : Starting Servlet engine: [Apache Tomcat/9.0.46]
2024-02-05 15:06:44.299  INFO 20916 --- [main] o.a.c.c.C.[Tomcat].[localhost].[/]       : Initializing Spring embedded WebApplicationContext
2024-02-05 15:06:44.300  INFO 20916 --- [main] w.s.c.ServletWebServerApplicationContext : Root WebApplicationContext: initialization completed in 1114 ms
2024-02-05 15:06:45.107  INFO 20916 --- [main] o.s.b.w.embedded.tomcat.TomcatWebServer  : Tomcat started on port(s): 8081 (http) with context path ''
2024-02-05 15:06:45.117  INFO 20916 --- [main] c.e.W.WireMockAndSpockTestApplication    : Started WireMockAndSpockTestApplication in 2.444 seconds (JVM running for 2.773)
2024-02-05 15:06:45.119  INFO 20916 --- [main] o.s.b.a.ApplicationAvailabilityBean      : Application availability state LivenessState changed to CORRECT
2024-02-05 15:06:45.121  INFO 20916 --- [main] o.s.b.a.ApplicationAvailabilityBean      : Application availability state ReadinessState changed to ACCEPTING_TRAFFIC
2024-02-05 15:06:45.122 DEBUG 20916 --- [main] c.e.WireMock.controller.LogController    : This is a debug message
2024-02-05 15:06:45.122  INFO 20916 --- [main] c.e.WireMock.controller.LogController    : This is an info message
2024-02-05 15:06:45.122  WARN 20916 --- [main] c.e.WireMock.controller.LogController    : This is a warn message
2024-02-05 15:06:45.122 ERROR 20916 --- [main] c.e.WireMock.controller.LogController    : This is an error message
2024-02-05 15:06:58.561  INFO 20916 --- [http-nio-8081-exec-1] o.a.c.c.C.[Tomcat].[localhost].[/]       : Initializing Spring DispatcherServlet 'dispatcherServlet'
2024-02-05 15:06:58.897  INFO 20916 --- [http-nio-8081-exec-2] o.springdoc.api.AbstractOpenApiResource  : Init duration for springdoc-openapi is: 193 ms
2024-02-05 15:07:06.933 DEBUG 20916 --- [http-nio-8081-exec-4] o.s.web.client.RestTemplate              : HTTP GET http://localhost:8080/vending-machine/get-item
2024-02-05 15:07:06.937 DEBUG 20916 --- [http-nio-8081-exec-4] o.s.web.client.RestTemplate              : Accept=[text/plain, application/json, application/*+json, */*]
2024-02-05 15:07:06.943 DEBUG 20916 --- [http-nio-8081-exec-4] c.e.WireMock.config.LoggingInterceptor   : Request URI: http://localhost:8080/vending-machine/get-item
2024-02-05 15:07:06.943 DEBUG 20916 --- [http-nio-8081-exec-4] c.e.WireMock.config.LoggingInterceptor   : Request method: GET
2024-02-05 15:07:06.944 DEBUG 20916 --- [http-nio-8081-exec-4] c.e.WireMock.config.LoggingInterceptor   : Request headers: [Accept:"text/plain, application/json, application/*+json, */*", Content-Type:"application/json", Content-Length:"0"]
2024-02-05 15:07:06.945 DEBUG 20916 --- [http-nio-8081-exec-4] c.e.WireMock.config.LoggingInterceptor   : Request body: 
2024-02-05 15:07:06.975 DEBUG 20916 --- [http-nio-8081-exec-4] c.e.WireMock.config.LoggingInterceptor   : Response status code: 200 OK
2024-02-05 15:07:06.976 DEBUG 20916 --- [http-nio-8081-exec-4] c.e.WireMock.config.LoggingInterceptor   : Response headers: [Content-Type:"application/json", Transfer-Encoding:"chunked", Date:"Mon, 05 Feb 2024 09:37:06 GMT", Keep-Alive:"timeout=60", Connection:"keep-alive"]
2024-02-05 15:07:06.977 DEBUG 20916 --- [http-nio-8081-exec-4] c.e.WireMock.config.LoggingInterceptor   : Response body: [{"idItem":1,"itemCode":"A","itemName":"Soda","quantity":0,"itemCost":1.0},{"idItem":2,"itemCode":"B","itemName":"Chips","quantity":2,"itemCost":2.0}]
2024-02-05 15:07:06.978 DEBUG 20916 --- [http-nio-8081-exec-4] o.s.web.client.RestTemplate              : Response 200 OK
2024-02-05 15:10:08.171  INFO 4292 --- [main] c.e.W.WireMockAndSpockTestApplication    : Starting WireMockAndSpockTestApplication using Java 17.0.9 on CHE-JRAJAN-LT with PID 4292 (C:\Users\jayasri.rajan\Downloads\WireMockAndSpockTest\WireMockAndSpockTest\target\classes started by Jayasri.Rajan in C:\Users\jayasri.rajan\Downloads\WireMockAndSpockTest)
2024-02-05 15:10:08.173  INFO 4292 --- [main] c.e.W.WireMockAndSpockTestApplication    : No active profile set, falling back to default profiles: default
2024-02-05 15:10:09.144  INFO 4292 --- [main] o.s.b.w.embedded.tomcat.TomcatWebServer  : Tomcat initialized with port(s): 8081 (http)
2024-02-05 15:10:09.152  INFO 4292 --- [main] o.apache.catalina.core.StandardService   : Starting service [Tomcat]
2024-02-05 15:10:09.152  INFO 4292 --- [main] org.apache.catalina.core.StandardEngine  : Starting Servlet engine: [Apache Tomcat/9.0.46]
2024-02-05 15:10:09.219  INFO 4292 --- [main] o.a.c.c.C.[Tomcat].[localhost].[/]       : Initializing Spring embedded WebApplicationContext
2024-02-05 15:10:09.220  INFO 4292 --- [main] w.s.c.ServletWebServerApplicationContext : Root WebApplicationContext: initialization completed in 992 ms
2024-02-05 15:10:09.996  INFO 4292 --- [main] o.s.b.w.embedded.tomcat.TomcatWebServer  : Tomcat started on port(s): 8081 (http) with context path ''
2024-02-05 15:10:10.005  INFO 4292 --- [main] c.e.W.WireMockAndSpockTestApplication    : Started WireMockAndSpockTestApplication in 2.226 seconds (JVM running for 2.567)
2024-02-05 15:10:10.007  INFO 4292 --- [main] o.s.b.a.ApplicationAvailabilityBean      : Application availability state LivenessState changed to CORRECT
2024-02-05 15:10:10.008  INFO 4292 --- [main] o.s.b.a.ApplicationAvailabilityBean      : Application availability state ReadinessState changed to ACCEPTING_TRAFFIC
2024-02-05 15:10:10.008  INFO 4292 --- [main] c.e.WireMock.controller.LogController    : This is an info message
2024-02-05 15:10:10.008  WARN 4292 --- [main] c.e.WireMock.controller.LogController    : This is a warn message
2024-02-05 15:10:10.008 ERROR 4292 --- [main] c.e.WireMock.controller.LogController    : This is an error message
2024-02-05 15:11:32.386  INFO 4292 --- [http-nio-8081-exec-1] o.a.c.c.C.[Tomcat].[localhost].[/]       : Initializing Spring DispatcherServlet 'dispatcherServlet'
2024-02-05 15:11:32.387  INFO 4292 --- [http-nio-8081-exec-1] o.s.web.servlet.DispatcherServlet        : Initializing Servlet 'dispatcherServlet'
2024-02-05 15:11:32.388  INFO 4292 --- [http-nio-8081-exec-1] o.s.web.servlet.DispatcherServlet        : Completed initialization in 1 ms
2024-02-05 15:11:32.931  INFO 4292 --- [http-nio-8081-exec-3] o.springdoc.api.AbstractOpenApiResource  : Init duration for springdoc-openapi is: 294 ms
2024-02-05 15:11:50.745 DEBUG 4292 --- [http-nio-8081-exec-4] o.s.web.client.RestTemplate              : HTTP POST http://localhost:8080/vending-machine/add-change
2024-02-05 15:11:50.748 DEBUG 4292 --- [http-nio-8081-exec-4] o.s.web.client.RestTemplate              : Accept=[text/plain, application/json, application/*+json, */*]
2024-02-05 15:11:50.750 DEBUG 4292 --- [http-nio-8081-exec-4] o.s.web.client.RestTemplate              : Writing [{1.0=0}] as "application/json"
2024-02-05 15:11:50.777 DEBUG 4292 --- [http-nio-8081-exec-4] o.s.web.client.RestTemplate              : Response 200 OK
2024-02-05 15:18:27.015  INFO 7640 --- [main] c.e.W.WireMockAndSpockTestApplication    : Starting WireMockAndSpockTestApplication using Java 17.0.9 on CHE-JRAJAN-LT with PID 7640 (C:\Users\jayasri.rajan\Downloads\WireMockAndSpockTest\WireMockAndSpockTest\target\classes started by Jayasri.Rajan in C:\Users\jayasri.rajan\Downloads\WireMockAndSpockTest)
2024-02-05 15:18:27.019  INFO 7640 --- [main] c.e.W.WireMockAndSpockTestApplication    : No active profile set, falling back to default profiles: default
2024-02-05 15:18:28.248  INFO 7640 --- [main] o.s.b.w.embedded.tomcat.TomcatWebServer  : Tomcat initialized with port(s): 8081 (http)
2024-02-05 15:18:28.259  INFO 7640 --- [main] o.apache.catalina.core.StandardService   : Starting service [Tomcat]
2024-02-05 15:18:28.260  INFO 7640 --- [main] org.apache.catalina.core.StandardEngine  : Starting Servlet engine: [Apache Tomcat/9.0.46]
2024-02-05 15:18:28.332  INFO 7640 --- [main] o.a.c.c.C.[Tomcat].[localhost].[/]       : Initializing Spring embedded WebApplicationContext
2024-02-05 15:18:28.333  INFO 7640 --- [main] w.s.c.ServletWebServerApplicationContext : Root WebApplicationContext: initialization completed in 1248 ms
2024-02-05 15:18:29.141  INFO 7640 --- [main] o.s.b.w.embedded.tomcat.TomcatWebServer  : Tomcat started on port(s): 8081 (http) with context path ''
2024-02-05 15:18:29.150  INFO 7640 --- [main] c.e.W.WireMockAndSpockTestApplication    : Started WireMockAndSpockTestApplication in 2.681 seconds (JVM running for 3.177)
2024-02-05 15:18:29.151  INFO 7640 --- [main] o.s.b.a.ApplicationAvailabilityBean      : Application availability state LivenessState changed to CORRECT
2024-02-05 15:18:29.153  INFO 7640 --- [main] o.s.b.a.ApplicationAvailabilityBean      : Application availability state ReadinessState changed to ACCEPTING_TRAFFIC
2024-02-05 15:18:29.153  INFO 7640 --- [main] c.e.WireMock.controller.LogController    : This is an info message
2024-02-05 15:18:29.153  WARN 7640 --- [main] c.e.WireMock.controller.LogController    : This is a warn message
2024-02-05 15:18:29.154 ERROR 7640 --- [main] c.e.WireMock.controller.LogController    : This is an error message
2024-02-05 15:18:43.850  INFO 7640 --- [http-nio-8081-exec-1] o.a.c.c.C.[Tomcat].[localhost].[/]       : Initializing Spring DispatcherServlet 'dispatcherServlet'
2024-02-05 15:18:43.851  INFO 7640 --- [http-nio-8081-exec-1] o.s.web.servlet.DispatcherServlet        : Initializing Servlet 'dispatcherServlet'
2024-02-05 15:18:43.854  INFO 7640 --- [http-nio-8081-exec-1] o.s.web.servlet.DispatcherServlet        : Completed initialization in 2 ms
2024-02-05 15:18:44.661  INFO 7640 --- [http-nio-8081-exec-3] o.springdoc.api.AbstractOpenApiResource  : Init duration for springdoc-openapi is: 446 ms
2024-02-05 15:18:54.647 DEBUG 7640 --- [http-nio-8081-exec-4] o.s.web.client.RestTemplate              : HTTP GET http://localhost:8080/vending-machine/get-item
2024-02-05 15:18:54.651 DEBUG 7640 --- [http-nio-8081-exec-4] o.s.web.client.RestTemplate              : Accept=[text/plain, application/json, application/*+json, */*]
2024-02-05 15:18:54.689 DEBUG 7640 --- [http-nio-8081-exec-4] o.s.web.client.RestTemplate              : Response 200 OK
2024-02-05 15:21:58.101  INFO 20580 --- [main] c.e.W.WireMockAndSpockTestApplication    : Starting WireMockAndSpockTestApplication using Java 17.0.9 on CHE-JRAJAN-LT with PID 20580 (C:\Users\jayasri.rajan\Downloads\WireMockAndSpockTest\WireMockAndSpockTest\target\classes started by Jayasri.Rajan in C:\Users\jayasri.rajan\Downloads\WireMockAndSpockTest)
2024-02-05 15:21:58.104  INFO 20580 --- [main] c.e.W.WireMockAndSpockTestApplication    : No active profile set, falling back to default profiles: default
2024-02-05 15:21:59.354  INFO 20580 --- [main] o.s.b.w.embedded.tomcat.TomcatWebServer  : Tomcat initialized with port(s): 8081 (http)
2024-02-05 15:21:59.367  INFO 20580 --- [main] o.apache.catalina.core.StandardService   : Starting service [Tomcat]
2024-02-05 15:21:59.368  INFO 20580 --- [main] org.apache.catalina.core.StandardEngine  : Starting Servlet engine: [Apache Tomcat/9.0.46]
2024-02-05 15:21:59.449  INFO 20580 --- [main] o.a.c.c.C.[Tomcat].[localhost].[/]       : Initializing Spring embedded WebApplicationContext
2024-02-05 15:21:59.450  INFO 20580 --- [main] w.s.c.ServletWebServerApplicationContext : Root WebApplicationContext: initialization completed in 1279 ms
2024-02-05 15:22:00.379  INFO 20580 --- [main] o.s.b.w.embedded.tomcat.TomcatWebServer  : Tomcat started on port(s): 8081 (http) with context path ''
2024-02-05 15:22:00.389  INFO 20580 --- [main] c.e.W.WireMockAndSpockTestApplication    : Started WireMockAndSpockTestApplication in 2.726 seconds (JVM running for 3.078)
2024-02-05 15:22:00.390  INFO 20580 --- [main] o.s.b.a.ApplicationAvailabilityBean      : Application availability state LivenessState changed to CORRECT
2024-02-05 15:22:00.391  INFO 20580 --- [main] o.s.b.a.ApplicationAvailabilityBean      : Application availability state ReadinessState changed to ACCEPTING_TRAFFIC
2024-02-05 15:22:00.391  INFO 20580 --- [main] c.e.WireMock.controller.LogController    : This is an info message
2024-02-05 15:22:00.392  WARN 20580 --- [main] c.e.WireMock.controller.LogController    : This is a warn message
2024-02-05 15:22:00.392 ERROR 20580 --- [main] c.e.WireMock.controller.LogController    : This is an error message
2024-02-05 15:22:07.443  INFO 20580 --- [http-nio-8081-exec-1] o.a.c.c.C.[Tomcat].[localhost].[/]       : Initializing Spring DispatcherServlet 'dispatcherServlet'
2024-02-05 15:22:07.443  INFO 20580 --- [http-nio-8081-exec-1] o.s.web.servlet.DispatcherServlet        : Initializing Servlet 'dispatcherServlet'
2024-02-05 15:22:07.444  INFO 20580 --- [http-nio-8081-exec-1] o.s.web.servlet.DispatcherServlet        : Completed initialization in 1 ms
2024-02-05 15:22:29.934  INFO 20580 --- [http-nio-8081-exec-1] o.springdoc.api.AbstractOpenApiResource  : Init duration for springdoc-openapi is: 191 ms
2024-02-05 15:22:38.498 DEBUG 20580 --- [http-nio-8081-exec-2] o.s.web.client.RestTemplate              : HTTP GET http://localhost:8080/vending-machine/get-item
2024-02-05 15:22:38.500 DEBUG 20580 --- [http-nio-8081-exec-2] o.s.web.client.RestTemplate              : Accept=[text/plain, application/json, application/*+json, */*]
2024-02-05 15:22:38.527 DEBUG 20580 --- [http-nio-8081-exec-2] o.s.web.client.RestTemplate              : Response 200 OK
2024-02-05 15:23:24.752  INFO 23928 --- [main] c.e.W.WireMockAndSpockTestApplication    : Starting WireMockAndSpockTestApplication using Java 17.0.9 on CHE-JRAJAN-LT with PID 23928 (C:\Users\jayasri.rajan\Downloads\WireMockAndSpockTest\WireMockAndSpockTest\target\classes started by Jayasri.Rajan in C:\Users\jayasri.rajan\Downloads\WireMockAndSpockTest)
2024-02-05 15:23:24.754  INFO 23928 --- [main] c.e.W.WireMockAndSpockTestApplication    : No active profile set, falling back to default profiles: default
2024-02-05 15:23:25.954  INFO 23928 --- [main] o.s.b.w.embedded.tomcat.TomcatWebServer  : Tomcat initialized with port(s): 8081 (http)
2024-02-05 15:23:25.966  INFO 23928 --- [main] o.apache.catalina.core.StandardService   : Starting service [Tomcat]
2024-02-05 15:23:25.967  INFO 23928 --- [main] org.apache.catalina.core.StandardEngine  : Starting Servlet engine: [Apache Tomcat/9.0.46]
2024-02-05 15:23:26.053  INFO 23928 --- [main] o.a.c.c.C.[Tomcat].[localhost].[/]       : Initializing Spring embedded WebApplicationContext
2024-02-05 15:23:26.053  INFO 23928 --- [main] w.s.c.ServletWebServerApplicationContext : Root WebApplicationContext: initialization completed in 1233 ms
2024-02-05 15:23:26.929  INFO 23928 --- [main] o.s.b.w.embedded.tomcat.TomcatWebServer  : Tomcat started on port(s): 8081 (http) with context path ''
2024-02-05 15:23:26.941  INFO 23928 --- [main] c.e.W.WireMockAndSpockTestApplication    : Started WireMockAndSpockTestApplication in 2.687 seconds (JVM running for 3.048)
2024-02-05 15:23:26.943  INFO 23928 --- [main] o.s.b.a.ApplicationAvailabilityBean      : Application availability state LivenessState changed to CORRECT
2024-02-05 15:23:26.946  INFO 23928 --- [main] o.s.b.a.ApplicationAvailabilityBean      : Application availability state ReadinessState changed to ACCEPTING_TRAFFIC
2024-02-05 15:23:26.946  INFO 23928 --- [main] c.e.WireMock.controller.LogController    : This is an info message
2024-02-05 15:23:26.946  WARN 23928 --- [main] c.e.WireMock.controller.LogController    : This is a warn message
2024-02-05 15:23:26.947 ERROR 23928 --- [main] c.e.WireMock.controller.LogController    : This is an error message
2024-02-05 15:23:31.455  INFO 23928 --- [http-nio-8081-exec-1] o.a.c.c.C.[Tomcat].[localhost].[/]       : Initializing Spring DispatcherServlet 'dispatcherServlet'
2024-02-05 15:23:31.455  INFO 23928 --- [http-nio-8081-exec-1] o.s.web.servlet.DispatcherServlet        : Initializing Servlet 'dispatcherServlet'
2024-02-05 15:23:31.456  INFO 23928 --- [http-nio-8081-exec-1] o.s.web.servlet.DispatcherServlet        : Completed initialization in 0 ms
2024-02-05 15:24:53.732  INFO 25060 --- [main] c.e.W.WireMockAndSpockTestApplication    : Starting WireMockAndSpockTestApplication using Java 17.0.9 on CHE-JRAJAN-LT with PID 25060 (C:\Users\jayasri.rajan\Downloads\WireMockAndSpockTest\WireMockAndSpockTest\target\classes started by Jayasri.Rajan in C:\Users\jayasri.rajan\Downloads\WireMockAndSpockTest)
2024-02-05 15:24:53.735  INFO 25060 --- [main] c.e.W.WireMockAndSpockTestApplication    : No active profile set, falling back to default profiles: default
2024-02-05 15:24:55.022  INFO 25060 --- [main] o.s.b.w.embedded.tomcat.TomcatWebServer  : Tomcat initialized with port(s): 8081 (http)
2024-02-05 15:24:55.034  INFO 25060 --- [main] o.apache.catalina.core.StandardService   : Starting service [Tomcat]
2024-02-05 15:24:55.035  INFO 25060 --- [main] org.apache.catalina.core.StandardEngine  : Starting Servlet engine: [Apache Tomcat/9.0.46]
2024-02-05 15:24:55.124  INFO 25060 --- [main] o.a.c.c.C.[Tomcat].[localhost].[/]       : Initializing Spring embedded WebApplicationContext
2024-02-05 15:24:55.125  INFO 25060 --- [main] w.s.c.ServletWebServerApplicationContext : Root WebApplicationContext: initialization completed in 1329 ms
2024-02-05 15:24:56.017  INFO 25060 --- [main] o.s.b.w.embedded.tomcat.TomcatWebServer  : Tomcat started on port(s): 8081 (http) with context path ''
2024-02-05 15:24:56.026  INFO 25060 --- [main] c.e.W.WireMockAndSpockTestApplication    : Started WireMockAndSpockTestApplication in 2.798 seconds (JVM running for 3.182)
2024-02-05 15:24:56.027  INFO 25060 --- [main] o.s.b.a.ApplicationAvailabilityBean      : Application availability state LivenessState changed to CORRECT
2024-02-05 15:24:56.029  INFO 25060 --- [main] o.s.b.a.ApplicationAvailabilityBean      : Application availability state ReadinessState changed to ACCEPTING_TRAFFIC
2024-02-05 15:24:56.029  INFO 25060 --- [main] c.e.WireMock.controller.LogController    : This is an info message
2024-02-05 15:24:56.029  WARN 25060 --- [main] c.e.WireMock.controller.LogController    : This is a warn message
2024-02-05 15:24:56.029 ERROR 25060 --- [main] c.e.WireMock.controller.LogController    : This is an error message
2024-02-05 15:25:07.473  INFO 25060 --- [http-nio-8081-exec-1] o.a.c.c.C.[Tomcat].[localhost].[/]       : Initializing Spring DispatcherServlet 'dispatcherServlet'
2024-02-05 15:25:07.473  INFO 25060 --- [http-nio-8081-exec-1] o.s.web.servlet.DispatcherServlet        : Initializing Servlet 'dispatcherServlet'
2024-02-05 15:25:07.475  INFO 25060 --- [http-nio-8081-exec-1] o.s.web.servlet.DispatcherServlet        : Completed initialization in 1 ms
2024-02-05 15:25:08.228  INFO 25060 --- [http-nio-8081-exec-5] o.springdoc.api.AbstractOpenApiResource  : Init duration for springdoc-openapi is: 433 ms
2024-02-05 15:25:22.329 DEBUG 25060 --- [http-nio-8081-exec-4] o.s.web.client.RestTemplate              : HTTP GET http://localhost:8080/vending-machine/get-item
2024-02-05 15:25:22.333 DEBUG 25060 --- [http-nio-8081-exec-4] o.s.web.client.RestTemplate              : Accept=[text/plain, application/json, application/*+json, */*]
2024-02-05 15:25:22.369 DEBUG 25060 --- [http-nio-8081-exec-4] o.s.web.client.RestTemplate              : Response 200 OK
2024-02-05 15:25:43.033 DEBUG 25060 --- [http-nio-8081-exec-2] o.s.web.client.RestTemplate              : HTTP POST http://localhost:8080/vending-machine/add-change
2024-02-05 15:25:43.035 DEBUG 25060 --- [http-nio-8081-exec-2] o.s.web.client.RestTemplate              : Accept=[text/plain, application/json, application/*+json, */*]
2024-02-05 15:25:43.037 DEBUG 25060 --- [http-nio-8081-exec-2] o.s.web.client.RestTemplate              : Writing [{1.0=0}] as "application/json"
2024-02-05 15:25:43.058 DEBUG 25060 --- [http-nio-8081-exec-2] o.s.web.client.RestTemplate              : Response 200 OK
2024-02-05 15:34:03.076 DEBUG 25060 --- [http-nio-8081-exec-3] o.s.web.client.RestTemplate              : HTTP GET http://localhost:8080/vending-machine/get-item
2024-02-05 15:34:03.077 DEBUG 25060 --- [http-nio-8081-exec-3] o.s.web.client.RestTemplate              : Accept=[text/plain, application/json, application/*+json, */*]
2024-02-05 15:34:03.104 DEBUG 25060 --- [http-nio-8081-exec-3] o.s.web.client.RestTemplate              : Response 200 OK
2024-02-05 15:34:33.048  INFO 22108 --- [main] c.e.W.WireMockAndSpockTestApplication    : Starting WireMockAndSpockTestApplication using Java 17.0.9 on CHE-JRAJAN-LT with PID 22108 (C:\Users\jayasri.rajan\Downloads\WireMockAndSpockTest\WireMockAndSpockTest\target\classes started by Jayasri.Rajan in C:\Users\jayasri.rajan\Downloads\WireMockAndSpockTest)
2024-02-05 15:34:33.052  INFO 22108 --- [main] c.e.W.WireMockAndSpockTestApplication    : No active profile set, falling back to default profiles: default
2024-02-05 15:34:34.238  INFO 22108 --- [main] o.s.b.w.embedded.tomcat.TomcatWebServer  : Tomcat initialized with port(s): 8081 (http)
2024-02-05 15:34:34.250  INFO 22108 --- [main] o.apache.catalina.core.StandardService   : Starting service [Tomcat]
2024-02-05 15:34:34.251  INFO 22108 --- [main] org.apache.catalina.core.StandardEngine  : Starting Servlet engine: [Apache Tomcat/9.0.46]
2024-02-05 15:34:34.408  INFO 22108 --- [main] o.a.c.c.C.[Tomcat].[localhost].[/]       : Initializing Spring embedded WebApplicationContext
2024-02-05 15:34:34.408  INFO 22108 --- [main] w.s.c.ServletWebServerApplicationContext : Root WebApplicationContext: initialization completed in 1293 ms
2024-02-05 15:34:35.322  INFO 22108 --- [main] o.s.b.w.embedded.tomcat.TomcatWebServer  : Tomcat started on port(s): 8081 (http) with context path ''
2024-02-05 15:34:35.335  INFO 22108 --- [main] c.e.W.WireMockAndSpockTestApplication    : Started WireMockAndSpockTestApplication in 2.744 seconds (JVM running for 3.192)
2024-02-05 15:34:35.337  INFO 22108 --- [main] o.s.b.a.ApplicationAvailabilityBean      : Application availability state LivenessState changed to CORRECT
2024-02-05 15:34:35.338  INFO 22108 --- [main] o.s.b.a.ApplicationAvailabilityBean      : Application availability state ReadinessState changed to ACCEPTING_TRAFFIC
2024-02-05 15:34:35.339  INFO 22108 --- [main] c.e.WireMock.controller.LogController    : This is an info message
2024-02-05 15:34:35.339  WARN 22108 --- [main] c.e.WireMock.controller.LogController    : This is a warn message
2024-02-05 15:34:35.339 ERROR 22108 --- [main] c.e.WireMock.controller.LogController    : This is an error message
2024-02-05 15:34:42.554  INFO 22108 --- [http-nio-8081-exec-2] o.a.c.c.C.[Tomcat].[localhost].[/]       : Initializing Spring DispatcherServlet 'dispatcherServlet'
2024-02-05 15:34:42.554  INFO 22108 --- [http-nio-8081-exec-2] o.s.web.servlet.DispatcherServlet        : Initializing Servlet 'dispatcherServlet'
2024-02-05 15:34:42.555  INFO 22108 --- [http-nio-8081-exec-2] o.s.web.servlet.DispatcherServlet        : Completed initialization in 1 ms
2024-02-05 15:34:42.984  INFO 22108 --- [http-nio-8081-exec-3] o.springdoc.api.AbstractOpenApiResource  : Init duration for springdoc-openapi is: 238 ms
2024-02-05 15:34:55.387 DEBUG 22108 --- [http-nio-8081-exec-4] o.s.web.client.RestTemplate              : HTTP GET http://localhost:8080/vending-machine/get-item
2024-02-05 15:34:55.391 DEBUG 22108 --- [http-nio-8081-exec-4] o.s.web.client.RestTemplate              : Accept=[text/plain, application/json, application/*+json, */*]
2024-02-05 15:34:55.490 DEBUG 22108 --- [http-nio-8081-exec-4] o.s.web.client.RestTemplate              : Response 200 OK
2024-02-05 15:35:15.559 DEBUG 22108 --- [http-nio-8081-exec-5] o.s.web.client.RestTemplate              : HTTP PUT http://localhost:8080/vending-machine/vend-items
2024-02-05 15:35:15.560 DEBUG 22108 --- [http-nio-8081-exec-5] o.s.web.client.RestTemplate              : Accept=[text/plain, application/json, application/*+json, */*]
2024-02-05 15:35:15.567 DEBUG 22108 --- [http-nio-8081-exec-5] o.s.web.client.RestTemplate              : Writing [[VendItemRequest{itemId=1, amount=1.0}]] as "application/json"
2024-02-05 15:35:15.666 DEBUG 22108 --- [http-nio-8081-exec-5] o.s.web.client.RestTemplate              : Response 200 OK
2024-02-05 15:39:06.364 DEBUG 22108 --- [http-nio-8081-exec-8] o.s.web.client.RestTemplate              : HTTP GET http://localhost:8080/vending-machine/get-item
2024-02-05 15:39:06.365 DEBUG 22108 --- [http-nio-8081-exec-8] o.s.web.client.RestTemplate              : Accept=[text/plain, application/json, application/*+json, */*]
2024-02-05 15:39:06.388 DEBUG 22108 --- [http-nio-8081-exec-8] o.s.web.client.RestTemplate              : Response 200 OK
2024-02-05 15:41:38.942  INFO 21824 --- [main] c.e.W.WireMockAndSpockTestApplication    : Starting WireMockAndSpockTestApplication using Java 17.0.9 on CHE-JRAJAN-LT with PID 21824 (C:\Users\jayasri.rajan\Downloads\WireMockAndSpockTest\WireMockAndSpockTest\target\classes started by Jayasri.Rajan in C:\Users\jayasri.rajan\Downloads\WireMockAndSpockTest)
2024-02-05 15:41:38.944  INFO 21824 --- [main] c.e.W.WireMockAndSpockTestApplication    : No active profile set, falling back to default profiles: default
2024-02-05 15:41:40.171  INFO 21824 --- [main] o.s.b.w.embedded.tomcat.TomcatWebServer  : Tomcat initialized with port(s): 8081 (http)
2024-02-05 15:41:40.183  INFO 21824 --- [main] o.apache.catalina.core.StandardService   : Starting service [Tomcat]
2024-02-05 15:41:40.183  INFO 21824 --- [main] org.apache.catalina.core.StandardEngine  : Starting Servlet engine: [Apache Tomcat/9.0.46]
2024-02-05 15:41:40.279  INFO 21824 --- [main] o.a.c.c.C.[Tomcat].[localhost].[/]       : Initializing Spring embedded WebApplicationContext
2024-02-05 15:41:40.279  INFO 21824 --- [main] w.s.c.ServletWebServerApplicationContext : Root WebApplicationContext: initialization completed in 1273 ms
2024-02-05 15:41:41.279  INFO 21824 --- [main] o.s.b.w.embedded.tomcat.TomcatWebServer  : Tomcat started on port(s): 8081 (http) with context path ''
2024-02-05 15:41:41.291  INFO 21824 --- [main] c.e.W.WireMockAndSpockTestApplication    : Started WireMockAndSpockTestApplication in 2.839 seconds (JVM running for 3.208)
2024-02-05 15:41:41.292  INFO 21824 --- [main] o.s.b.a.ApplicationAvailabilityBean      : Application availability state LivenessState changed to CORRECT
2024-02-05 15:41:41.294  INFO 21824 --- [main] o.s.b.a.ApplicationAvailabilityBean      : Application availability state ReadinessState changed to ACCEPTING_TRAFFIC
2024-02-05 15:41:48.458  INFO 21824 --- [http-nio-8081-exec-1] o.a.c.c.C.[Tomcat].[localhost].[/]       : Initializing Spring DispatcherServlet 'dispatcherServlet'
2024-02-05 15:41:48.458  INFO 21824 --- [http-nio-8081-exec-1] o.s.web.servlet.DispatcherServlet        : Initializing Servlet 'dispatcherServlet'
2024-02-05 15:41:48.460  INFO 21824 --- [http-nio-8081-exec-1] o.s.web.servlet.DispatcherServlet        : Completed initialization in 2 ms
2024-02-05 15:41:48.885  INFO 21824 --- [http-nio-8081-exec-3] o.springdoc.api.AbstractOpenApiResource  : Init duration for springdoc-openapi is: 259 ms
2024-02-05 15:41:54.965 DEBUG 21824 --- [http-nio-8081-exec-6] o.s.web.client.RestTemplate              : HTTP GET http://localhost:8080/vending-machine/get-item
2024-02-05 15:41:54.968 DEBUG 21824 --- [http-nio-8081-exec-6] o.s.web.client.RestTemplate              : Accept=[text/plain, application/json, application/*+json, */*]
2024-02-05 15:41:55.004 DEBUG 21824 --- [http-nio-8081-exec-6] o.s.web.client.RestTemplate              : Response 200 OK
2024-02-05 23:13:05.600  INFO 10904 --- [main] c.e.W.WireMockAndSpockTestApplication    : Starting WireMockAndSpockTestApplication using Java 17.0.9 on CHE-JRAJAN-LT with PID 10904 (C:\Users\jayasri.rajan\Downloads\WireMockAndSpockTest\WireMockAndSpockTest\target\classes started by Jayasri.Rajan in C:\Users\jayasri.rajan\Downloads\WireMockAndSpockTest)
2024-02-05 23:13:05.653  INFO 10904 --- [main] c.e.W.WireMockAndSpockTestApplication    : No active profile set, falling back to default profiles: default
2024-02-05 23:13:07.105  INFO 10904 --- [main] o.s.b.w.embedded.tomcat.TomcatWebServer  : Tomcat initialized with port(s): 8081 (http)
2024-02-05 23:13:07.119  INFO 10904 --- [main] o.apache.catalina.core.StandardService   : Starting service [Tomcat]
2024-02-05 23:13:07.119  INFO 10904 --- [main] org.apache.catalina.core.StandardEngine  : Starting Servlet engine: [Apache Tomcat/9.0.46]
2024-02-05 23:13:07.292  INFO 10904 --- [main] o.a.c.c.C.[Tomcat].[localhost].[/]       : Initializing Spring embedded WebApplicationContext
2024-02-05 23:13:07.292  INFO 10904 --- [main] w.s.c.ServletWebServerApplicationContext : Root WebApplicationContext: initialization completed in 1548 ms
2024-02-05 23:13:08.368  INFO 10904 --- [main] o.s.b.w.embedded.tomcat.TomcatWebServer  : Tomcat started on port(s): 8081 (http) with context path ''
2024-02-05 23:13:08.380  INFO 10904 --- [main] c.e.W.WireMockAndSpockTestApplication    : Started WireMockAndSpockTestApplication in 3.438 seconds (JVM running for 3.896)
2024-02-05 23:13:08.381  INFO 10904 --- [main] o.s.b.a.ApplicationAvailabilityBean      : Application availability state LivenessState changed to CORRECT
2024-02-05 23:13:08.383  INFO 10904 --- [main] o.s.b.a.ApplicationAvailabilityBean      : Application availability state ReadinessState changed to ACCEPTING_TRAFFIC
2024-02-05 23:14:32.213  INFO 16928 --- [main] c.e.W.WireMockAndSpockTestApplication    : Starting WireMockAndSpockTestApplication using Java 17.0.9 on CHE-JRAJAN-LT with PID 16928 (C:\Users\jayasri.rajan\Downloads\WireMockAndSpockTest\WireMockAndSpockTest\target\classes started by Jayasri.Rajan in C:\Users\jayasri.rajan\Downloads\WireMockAndSpockTest)
2024-02-05 23:14:32.217  INFO 16928 --- [main] c.e.W.WireMockAndSpockTestApplication    : No active profile set, falling back to default profiles: default
2024-02-05 23:14:33.762  INFO 16928 --- [main] o.s.b.w.embedded.tomcat.TomcatWebServer  : Tomcat initialized with port(s): 8081 (http)
2024-02-05 23:14:33.774  INFO 16928 --- [main] o.apache.catalina.core.StandardService   : Starting service [Tomcat]
2024-02-05 23:14:33.775  INFO 16928 --- [main] org.apache.catalina.core.StandardEngine  : Starting Servlet engine: [Apache Tomcat/9.0.46]
2024-02-05 23:14:33.871  INFO 16928 --- [main] o.a.c.c.C.[Tomcat].[localhost].[/]       : Initializing Spring embedded WebApplicationContext
2024-02-05 23:14:33.871  INFO 16928 --- [main] w.s.c.ServletWebServerApplicationContext : Root WebApplicationContext: initialization completed in 1578 ms
2024-02-05 23:14:34.934  INFO 16928 --- [main] o.s.b.w.embedded.tomcat.TomcatWebServer  : Tomcat started on port(s): 8081 (http) with context path ''
2024-02-05 23:14:34.946  INFO 16928 --- [main] c.e.W.WireMockAndSpockTestApplication    : Started WireMockAndSpockTestApplication in 3.319 seconds (JVM running for 3.819)
2024-02-05 23:14:34.947  INFO 16928 --- [main] o.s.b.a.ApplicationAvailabilityBean      : Application availability state LivenessState changed to CORRECT
2024-02-05 23:14:34.950  INFO 16928 --- [main] o.s.b.a.ApplicationAvailabilityBean      : Application availability state ReadinessState changed to ACCEPTING_TRAFFIC
2024-02-05 23:14:34.950  INFO 16928 --- [main] c.e.WireMock.controller.LogController    : This is an info message
2024-02-05 23:14:34.950  WARN 16928 --- [main] c.e.WireMock.controller.LogController    : This is a warn message
2024-02-05 23:14:34.950 ERROR 16928 --- [main] c.e.WireMock.controller.LogController    : This is an error message
2024-02-05 23:14:57.893  INFO 16928 --- [http-nio-8081-exec-1] o.a.c.c.C.[Tomcat].[localhost].[/]       : Initializing Spring DispatcherServlet 'dispatcherServlet'
2024-02-05 23:14:57.894  INFO 16928 --- [http-nio-8081-exec-1] o.s.web.servlet.DispatcherServlet        : Initializing Servlet 'dispatcherServlet'
2024-02-05 23:14:57.897  INFO 16928 --- [http-nio-8081-exec-1] o.s.web.servlet.DispatcherServlet        : Completed initialization in 3 ms
2024-02-05 23:14:57.978 DEBUG 16928 --- [http-nio-8081-exec-1] o.s.web.client.RestTemplate              : HTTP GET http://localhost:8080/vending-machine/get-item
2024-02-05 23:14:57.985 DEBUG 16928 --- [http-nio-8081-exec-1] o.s.web.client.RestTemplate              : Accept=[text/plain, application/json, application/*+json, */*]
2024-02-05 23:14:58.035 DEBUG 16928 --- [http-nio-8081-exec-1] o.s.web.client.RestTemplate              : Response 200 OK
2024-02-05 23:15:13.832  INFO 16928 --- [http-nio-8081-exec-4] o.springdoc.api.AbstractOpenApiResource  : Init duration for springdoc-openapi is: 485 ms
2024-02-05 23:17:06.619  INFO 16724 --- [main] c.e.W.WireMockAndSpockTestApplication    : Starting WireMockAndSpockTestApplication using Java 17.0.9 on CHE-JRAJAN-LT with PID 16724 (C:\Users\jayasri.rajan\Downloads\WireMockAndSpockTest\WireMockAndSpockTest\target\classes started by Jayasri.Rajan in C:\Users\jayasri.rajan\Downloads\WireMockAndSpockTest)
2024-02-05 23:17:06.637  INFO 16724 --- [main] c.e.W.WireMockAndSpockTestApplication    : No active profile set, falling back to default profiles: default
2024-02-05 23:17:08.078  INFO 16724 --- [main] o.s.b.w.embedded.tomcat.TomcatWebServer  : Tomcat initialized with port(s): 8081 (http)
2024-02-05 23:17:08.090  INFO 16724 --- [main] o.apache.catalina.core.StandardService   : Starting service [Tomcat]
2024-02-05 23:17:08.091  INFO 16724 --- [main] org.apache.catalina.core.StandardEngine  : Starting Servlet engine: [Apache Tomcat/9.0.46]
2024-02-05 23:17:08.191  INFO 16724 --- [main] o.a.c.c.C.[Tomcat].[localhost].[/]       : Initializing Spring embedded WebApplicationContext
2024-02-05 23:17:08.192  INFO 16724 --- [main] w.s.c.ServletWebServerApplicationContext : Root WebApplicationContext: initialization completed in 1466 ms
2024-02-05 23:17:09.313  WARN 16724 --- [main] ConfigServletWebServerApplicationContext : Exception encountered during context initialization - cancelling refresh attempt: org.springframework.context.ApplicationContextException: Failed to start bean 'webServerStartStop'; nested exception is org.springframework.boot.web.server.PortInUseException: Port 8081 is already in use
2024-02-05 23:17:09.318  INFO 16724 --- [main] o.apache.catalina.core.StandardService   : Stopping service [Tomcat]
2024-02-05 23:17:09.336  INFO 16724 --- [main] ConditionEvaluationReportLoggingListener : 

Error starting ApplicationContext. To display the conditions report re-run your application with 'debug' enabled.
2024-02-05 23:17:09.416 ERROR 16724 --- [main] o.s.b.d.LoggingFailureAnalysisReporter   : 

***************************
APPLICATION FAILED TO START
***************************

Description:

Web server failed to start. Port 8081 was already in use.

Action:

Identify and stop the process that's listening on port 8081 or configure this application to listen on another port.

2024-02-05 23:17:21.763  INFO 6272 --- [main] c.e.W.WireMockAndSpockTestApplication    : Starting WireMockAndSpockTestApplication using Java 17.0.9 on CHE-JRAJAN-LT with PID 6272 (C:\Users\jayasri.rajan\Downloads\WireMockAndSpockTest\WireMockAndSpockTest\target\classes started by Jayasri.Rajan in C:\Users\jayasri.rajan\Downloads\WireMockAndSpockTest)
2024-02-05 23:17:21.767  INFO 6272 --- [main] c.e.W.WireMockAndSpockTestApplication    : No active profile set, falling back to default profiles: default
2024-02-05 23:17:23.214  INFO 6272 --- [main] o.s.b.w.embedded.tomcat.TomcatWebServer  : Tomcat initialized with port(s): 8081 (http)
2024-02-05 23:17:23.227  INFO 6272 --- [main] o.apache.catalina.core.StandardService   : Starting service [Tomcat]
2024-02-05 23:17:23.227  INFO 6272 --- [main] org.apache.catalina.core.StandardEngine  : Starting Servlet engine: [Apache Tomcat/9.0.46]
2024-02-05 23:17:23.376  INFO 6272 --- [main] o.a.c.c.C.[Tomcat].[localhost].[/]       : Initializing Spring embedded WebApplicationContext
2024-02-05 23:17:23.377  INFO 6272 --- [main] w.s.c.ServletWebServerApplicationContext : Root WebApplicationContext: initialization completed in 1525 ms
2024-02-05 23:17:24.399  INFO 6272 --- [main] o.s.b.w.embedded.tomcat.TomcatWebServer  : Tomcat started on port(s): 8081 (http) with context path ''
2024-02-05 23:17:24.412  INFO 6272 --- [main] c.e.W.WireMockAndSpockTestApplication    : Started WireMockAndSpockTestApplication in 3.251 seconds (JVM running for 3.803)
2024-02-05 23:17:24.414  INFO 6272 --- [main] o.s.b.a.ApplicationAvailabilityBean      : Application availability state LivenessState changed to CORRECT
2024-02-05 23:17:24.416  INFO 6272 --- [main] o.s.b.a.ApplicationAvailabilityBean      : Application availability state ReadinessState changed to ACCEPTING_TRAFFIC
2024-02-05 23:17:24.417  INFO 6272 --- [main] c.e.WireMock.controller.LogController    : This is an info message
2024-02-05 23:17:24.417  WARN 6272 --- [main] c.e.WireMock.controller.LogController    : This is a warn message
2024-02-05 23:17:24.417 ERROR 6272 --- [main] c.e.WireMock.controller.LogController    : This is an error message
2024-02-05 23:17:30.857  INFO 6272 --- [http-nio-8081-exec-1] o.a.c.c.C.[Tomcat].[localhost].[/]       : Initializing Spring DispatcherServlet 'dispatcherServlet'
2024-02-05 23:17:30.858  INFO 6272 --- [http-nio-8081-exec-1] o.s.web.servlet.DispatcherServlet        : Initializing Servlet 'dispatcherServlet'
2024-02-05 23:17:30.859  INFO 6272 --- [http-nio-8081-exec-1] o.s.web.servlet.DispatcherServlet        : Completed initialization in 1 ms
2024-02-05 23:17:30.895 DEBUG 6272 --- [http-nio-8081-exec-1] o.s.web.client.RestTemplate              : HTTP GET http://localhost:8080/vending-machine/get-item
2024-02-05 23:17:30.899 DEBUG 6272 --- [http-nio-8081-exec-1] o.s.web.client.RestTemplate              : Accept=[text/plain, application/json, application/*+json, */*]
2024-02-05 23:17:30.925 DEBUG 6272 --- [http-nio-8081-exec-1] o.s.web.client.RestTemplate              : Response 200 OK
2024-02-05 23:18:14.315 DEBUG 6272 --- [http-nio-8081-exec-2] o.s.web.client.RestTemplate              : HTTP POST http://localhost:8080/vending-machine/add-change
2024-02-05 23:18:14.317 DEBUG 6272 --- [http-nio-8081-exec-2] o.s.web.client.RestTemplate              : Accept=[text/plain, application/json, application/*+json, */*]
2024-02-05 23:18:14.322 DEBUG 6272 --- [http-nio-8081-exec-2] o.s.web.client.RestTemplate              : Writing [{1.0=0}] as "application/json"
2024-02-05 23:18:14.376 DEBUG 6272 --- [http-nio-8081-exec-2] o.s.web.client.RestTemplate              : Response 200 OK
2024-02-05 23:20:40.555  INFO 17872 --- [main] c.e.W.WireMockAndSpockTestApplication    : Starting WireMockAndSpockTestApplication using Java 17.0.9 on CHE-JRAJAN-LT with PID 17872 (C:\Users\jayasri.rajan\Downloads\WireMockAndSpockTest\WireMockAndSpockTest\target\classes started by Jayasri.Rajan in C:\Users\jayasri.rajan\Downloads\WireMockAndSpockTest)
2024-02-05 23:20:40.559  INFO 17872 --- [main] c.e.W.WireMockAndSpockTestApplication    : No active profile set, falling back to default profiles: default
2024-02-05 23:20:41.984  INFO 17872 --- [main] o.s.b.w.embedded.tomcat.TomcatWebServer  : Tomcat initialized with port(s): 8081 (http)
2024-02-05 23:20:41.997  INFO 17872 --- [main] o.apache.catalina.core.StandardService   : Starting service [Tomcat]
2024-02-05 23:20:41.999  INFO 17872 --- [main] org.apache.catalina.core.StandardEngine  : Starting Servlet engine: [Apache Tomcat/9.0.46]
2024-02-05 23:20:42.096  INFO 17872 --- [main] o.a.c.c.C.[Tomcat].[localhost].[/]       : Initializing Spring embedded WebApplicationContext
2024-02-05 23:20:42.097  INFO 17872 --- [main] w.s.c.ServletWebServerApplicationContext : Root WebApplicationContext: initialization completed in 1460 ms
2024-02-05 23:20:43.141  INFO 17872 --- [main] o.s.b.w.embedded.tomcat.TomcatWebServer  : Tomcat started on port(s): 8081 (http) with context path ''
2024-02-05 23:20:43.154  INFO 17872 --- [main] c.e.W.WireMockAndSpockTestApplication    : Started WireMockAndSpockTestApplication in 3.19 seconds (JVM running for 3.639)
2024-02-05 23:20:43.156  INFO 17872 --- [main] o.s.b.a.ApplicationAvailabilityBean      : Application availability state LivenessState changed to CORRECT
2024-02-05 23:20:43.158  INFO 17872 --- [main] o.s.b.a.ApplicationAvailabilityBean      : Application availability state ReadinessState changed to ACCEPTING_TRAFFIC
2024-02-05 23:20:43.158  INFO 17872 --- [main] c.e.WireMock.controller.LogController    : This is an info message
2024-02-05 23:20:43.158  WARN 17872 --- [main] c.e.WireMock.controller.LogController    : This is a warn message
2024-02-05 23:20:43.158 ERROR 17872 --- [main] c.e.WireMock.controller.LogController    : This is an error message
2024-02-05 23:20:48.731  INFO 17872 --- [http-nio-8081-exec-1] o.a.c.c.C.[Tomcat].[localhost].[/]       : Initializing Spring DispatcherServlet 'dispatcherServlet'
2024-02-05 23:20:48.731  INFO 17872 --- [http-nio-8081-exec-1] o.s.web.servlet.DispatcherServlet        : Initializing Servlet 'dispatcherServlet'
2024-02-05 23:20:48.733  INFO 17872 --- [http-nio-8081-exec-1] o.s.web.servlet.DispatcherServlet        : Completed initialization in 1 ms
2024-02-05 23:20:49.412  INFO 17872 --- [http-nio-8081-exec-3] o.springdoc.api.AbstractOpenApiResource  : Init duration for springdoc-openapi is: 407 ms
2024-02-05 23:20:58.214 DEBUG 17872 --- [http-nio-8081-exec-4] o.s.web.client.RestTemplate              : HTTP GET http://localhost:8080/vending-machine/get-item
2024-02-05 23:20:58.219 DEBUG 17872 --- [http-nio-8081-exec-4] o.s.web.client.RestTemplate              : Accept=[text/plain, application/json, application/*+json, */*]
2024-02-05 23:20:58.256 DEBUG 17872 --- [http-nio-8081-exec-4] o.s.web.client.RestTemplate              : Response 200 OK
2024-02-05 23:22:01.022  INFO 8644 --- [main] c.e.W.WireMockAndSpockTestApplication    : Starting WireMockAndSpockTestApplication using Java 17.0.9 on CHE-JRAJAN-LT with PID 8644 (C:\Users\jayasri.rajan\Downloads\WireMockAndSpockTest\WireMockAndSpockTest\target\classes started by Jayasri.Rajan in C:\Users\jayasri.rajan\Downloads\WireMockAndSpockTest)
2024-02-05 23:22:01.025  INFO 8644 --- [main] c.e.W.WireMockAndSpockTestApplication    : No active profile set, falling back to default profiles: default
2024-02-05 23:22:02.735  INFO 8644 --- [main] o.s.b.w.embedded.tomcat.TomcatWebServer  : Tomcat initialized with port(s): 8081 (http)
2024-02-05 23:22:02.748  INFO 8644 --- [main] o.apache.catalina.core.StandardService   : Starting service [Tomcat]
2024-02-05 23:22:02.749  INFO 8644 --- [main] org.apache.catalina.core.StandardEngine  : Starting Servlet engine: [Apache Tomcat/9.0.46]
2024-02-05 23:22:02.908  INFO 8644 --- [main] o.a.c.c.C.[Tomcat].[localhost].[/]       : Initializing Spring embedded WebApplicationContext
2024-02-05 23:22:02.909  INFO 8644 --- [main] w.s.c.ServletWebServerApplicationContext : Root WebApplicationContext: initialization completed in 1787 ms
2024-02-05 23:22:04.400  INFO 8644 --- [main] o.s.b.w.embedded.tomcat.TomcatWebServer  : Tomcat started on port(s): 8081 (http) with context path ''
2024-02-05 23:22:04.416  INFO 8644 --- [main] c.e.W.WireMockAndSpockTestApplication    : Started WireMockAndSpockTestApplication in 4.173 seconds (JVM running for 4.777)
2024-02-05 23:22:04.418  INFO 8644 --- [main] o.s.b.a.ApplicationAvailabilityBean      : Application availability state LivenessState changed to CORRECT
2024-02-05 23:22:04.421  INFO 8644 --- [main] o.s.b.a.ApplicationAvailabilityBean      : Application availability state ReadinessState changed to ACCEPTING_TRAFFIC
2024-02-05 23:22:04.422  INFO 8644 --- [main] c.e.WireMock.controller.LogController    : This is an info message
2024-02-05 23:22:04.422  WARN 8644 --- [main] c.e.WireMock.controller.LogController    : This is a warn message
2024-02-05 23:22:04.422 ERROR 8644 --- [main] c.e.WireMock.controller.LogController    : This is an error message
2024-02-05 23:22:09.238  INFO 8644 --- [http-nio-8081-exec-1] o.a.c.c.C.[Tomcat].[localhost].[/]       : Initializing Spring DispatcherServlet 'dispatcherServlet'
2024-02-05 23:22:09.238  INFO 8644 --- [http-nio-8081-exec-1] o.s.web.servlet.DispatcherServlet        : Initializing Servlet 'dispatcherServlet'
2024-02-05 23:22:09.239  INFO 8644 --- [http-nio-8081-exec-1] o.s.web.servlet.DispatcherServlet        : Completed initialization in 1 ms
2024-02-05 23:22:09.817  INFO 8644 --- [http-nio-8081-exec-3] o.springdoc.api.AbstractOpenApiResource  : Init duration for springdoc-openapi is: 356 ms
2024-02-05 23:22:14.649 DEBUG 8644 --- [http-nio-8081-exec-4] o.s.web.client.RestTemplate              : HTTP GET http://localhost:8080/vending-machine/get-item
2024-02-05 23:22:14.655 DEBUG 8644 --- [http-nio-8081-exec-4] o.s.web.client.RestTemplate              : Accept=[text/plain, application/json, application/*+json, */*]
2024-02-05 23:22:14.684 DEBUG 8644 --- [http-nio-8081-exec-4] o.s.web.client.RestTemplate              : Response 200 OK
2024-02-05 23:22:14.686 DEBUG 8644 --- [http-nio-8081-exec-4] o.s.web.client.RestTemplate              : Reading to [java.lang.String] as "application/json"
2024-02-05 23:31:21.935  INFO 14496 --- [main] c.e.W.WireMockAndSpockTestApplication    : Starting WireMockAndSpockTestApplication using Java 17.0.9 on CHE-JRAJAN-LT with PID 14496 (C:\Users\jayasri.rajan\Downloads\WireMockAndSpockTest\WireMockAndSpockTest\target\classes started by Jayasri.Rajan in C:\Users\jayasri.rajan\Downloads\WireMockAndSpockTest)
2024-02-05 23:31:21.939  INFO 14496 --- [main] c.e.W.WireMockAndSpockTestApplication    : No active profile set, falling back to default profiles: default
2024-02-05 23:31:23.385  INFO 14496 --- [main] o.s.b.w.embedded.tomcat.TomcatWebServer  : Tomcat initialized with port(s): 8081 (http)
2024-02-05 23:31:23.399  INFO 14496 --- [main] o.apache.catalina.core.StandardService   : Starting service [Tomcat]
2024-02-05 23:31:23.400  INFO 14496 --- [main] org.apache.catalina.core.StandardEngine  : Starting Servlet engine: [Apache Tomcat/9.0.46]
2024-02-05 23:31:23.511  INFO 14496 --- [main] o.a.c.c.C.[Tomcat].[localhost].[/]       : Initializing Spring embedded WebApplicationContext
2024-02-05 23:31:23.512  INFO 14496 --- [main] w.s.c.ServletWebServerApplicationContext : Root WebApplicationContext: initialization completed in 1493 ms
2024-02-05 23:31:24.722  INFO 14496 --- [main] o.s.b.w.embedded.tomcat.TomcatWebServer  : Tomcat started on port(s): 8081 (http) with context path ''
2024-02-05 23:31:24.734  INFO 14496 --- [main] c.e.W.WireMockAndSpockTestApplication    : Started WireMockAndSpockTestApplication in 3.377 seconds (JVM running for 3.829)
2024-02-05 23:31:24.736  INFO 14496 --- [main] o.s.b.a.ApplicationAvailabilityBean      : Application availability state LivenessState changed to CORRECT
2024-02-05 23:31:24.739  INFO 14496 --- [main] o.s.b.a.ApplicationAvailabilityBean      : Application availability state ReadinessState changed to ACCEPTING_TRAFFIC
2024-02-05 23:31:24.739  INFO 14496 --- [main] c.e.WireMock.controller.LogController    : This is an info message
2024-02-05 23:31:24.739  WARN 14496 --- [main] c.e.WireMock.controller.LogController    : This is a warn message
2024-02-05 23:31:24.739 ERROR 14496 --- [main] c.e.WireMock.controller.LogController    : This is an error message
2024-02-05 23:31:39.478  INFO 14496 --- [http-nio-8081-exec-1] o.a.c.c.C.[Tomcat].[localhost].[/]       : Initializing Spring DispatcherServlet 'dispatcherServlet'
2024-02-05 23:31:39.479  INFO 14496 --- [http-nio-8081-exec-1] o.s.web.servlet.DispatcherServlet        : Initializing Servlet 'dispatcherServlet'
2024-02-05 23:31:39.480  INFO 14496 --- [http-nio-8081-exec-1] o.s.web.servlet.DispatcherServlet        : Completed initialization in 1 ms
2024-02-05 23:31:40.227  INFO 14496 --- [http-nio-8081-exec-3] o.springdoc.api.AbstractOpenApiResource  : Init duration for springdoc-openapi is: 380 ms
2024-02-05 23:31:48.787 DEBUG 14496 --- [http-nio-8081-exec-4] o.s.web.client.RestTemplate              : HTTP GET http://localhost:8080/vending-machine/get-item
2024-02-05 23:31:48.792 DEBUG 14496 --- [http-nio-8081-exec-4] o.s.web.client.RestTemplate              : Accept=[text/plain, application/json, application/*+json, */*]
2024-02-05 23:31:48.834 DEBUG 14496 --- [http-nio-8081-exec-4] o.s.web.client.RestTemplate              : Response 200 OK
2024-02-05 23:37:03.971  INFO 17728 --- [main] c.e.W.WireMockAndSpockTestApplication    : Starting WireMockAndSpockTestApplication using Java 17.0.9 on CHE-JRAJAN-LT with PID 17728 (C:\Users\jayasri.rajan\Downloads\WireMockAndSpockTest\WireMockAndSpockTest\target\classes started by Jayasri.Rajan in C:\Users\jayasri.rajan\Downloads\WireMockAndSpockTest)
2024-02-05 23:37:03.974  INFO 17728 --- [main] c.e.W.WireMockAndSpockTestApplication    : No active profile set, falling back to default profiles: default
2024-02-05 23:37:05.405  INFO 17728 --- [main] o.s.b.w.embedded.tomcat.TomcatWebServer  : Tomcat initialized with port(s): 8081 (http)
2024-02-05 23:37:05.418  INFO 17728 --- [main] o.apache.catalina.core.StandardService   : Starting service [Tomcat]
2024-02-05 23:37:05.419  INFO 17728 --- [main] org.apache.catalina.core.StandardEngine  : Starting Servlet engine: [Apache Tomcat/9.0.46]
2024-02-05 23:37:05.517  INFO 17728 --- [main] o.a.c.c.C.[Tomcat].[localhost].[/]       : Initializing Spring embedded WebApplicationContext
2024-02-05 23:37:05.517  INFO 17728 --- [main] w.s.c.ServletWebServerApplicationContext : Root WebApplicationContext: initialization completed in 1459 ms
2024-02-05 23:37:06.662  INFO 17728 --- [main] o.s.b.w.embedded.tomcat.TomcatWebServer  : Tomcat started on port(s): 8081 (http) with context path ''
2024-02-05 23:37:06.675  INFO 17728 --- [main] c.e.W.WireMockAndSpockTestApplication    : Started WireMockAndSpockTestApplication in 3.326 seconds (JVM running for 3.801)
2024-02-05 23:37:06.677  INFO 17728 --- [main] o.s.b.a.ApplicationAvailabilityBean      : Application availability state LivenessState changed to CORRECT
2024-02-05 23:37:06.679  INFO 17728 --- [main] o.s.b.a.ApplicationAvailabilityBean      : Application availability state ReadinessState changed to ACCEPTING_TRAFFIC
2024-02-05 23:37:06.680  INFO 17728 --- [main] c.e.WireMock.controller.LogController    : This is an info message
2024-02-05 23:37:06.680  WARN 17728 --- [main] c.e.WireMock.controller.LogController    : This is a warn message
2024-02-05 23:37:06.680 ERROR 17728 --- [main] c.e.WireMock.controller.LogController    : This is an error message
2024-02-05 23:37:11.894  INFO 17728 --- [http-nio-8081-exec-1] o.a.c.c.C.[Tomcat].[localhost].[/]       : Initializing Spring DispatcherServlet 'dispatcherServlet'
2024-02-05 23:37:11.895  INFO 17728 --- [http-nio-8081-exec-1] o.s.web.servlet.DispatcherServlet        : Initializing Servlet 'dispatcherServlet'
2024-02-05 23:37:11.897  INFO 17728 --- [http-nio-8081-exec-1] o.s.web.servlet.DispatcherServlet        : Completed initialization in 1 ms
2024-02-05 23:37:12.472  INFO 17728 --- [http-nio-8081-exec-3] o.springdoc.api.AbstractOpenApiResource  : Init duration for springdoc-openapi is: 307 ms
2024-02-05 23:37:20.406 DEBUG 17728 --- [http-nio-8081-exec-4] o.s.web.client.RestTemplate              : HTTP GET http://localhost:8080/vending-machine/get-item
2024-02-05 23:37:20.409 DEBUG 17728 --- [http-nio-8081-exec-4] o.s.web.client.RestTemplate              : Accept=[text/plain, application/json, application/*+json, */*]
2024-02-05 23:37:20.442 DEBUG 17728 --- [http-nio-8081-exec-4] o.s.web.client.RestTemplate              : Response 200 OK
2024-02-05 23:37:20.443 DEBUG 17728 --- [http-nio-8081-exec-4] o.s.web.client.RestTemplate              : Reading to [java.lang.String] as "application/json"
2024-02-05 23:40:54.522  INFO 12804 --- [main] c.e.W.WireMockAndSpockTestApplication    : Starting WireMockAndSpockTestApplication using Java 17.0.9 on CHE-JRAJAN-LT with PID 12804 (C:\Users\jayasri.rajan\Downloads\WireMockAndSpockTest\WireMockAndSpockTest\target\classes started by Jayasri.Rajan in C:\Users\jayasri.rajan\Downloads\WireMockAndSpockTest)
2024-02-05 23:40:54.527  INFO 12804 --- [main] c.e.W.WireMockAndSpockTestApplication    : No active profile set, falling back to default profiles: default
2024-02-05 23:40:56.149  INFO 12804 --- [main] o.s.b.w.embedded.tomcat.TomcatWebServer  : Tomcat initialized with port(s): 8081 (http)
2024-02-05 23:40:56.167  INFO 12804 --- [main] o.apache.catalina.core.StandardService   : Starting service [Tomcat]
2024-02-05 23:40:56.168  INFO 12804 --- [main] org.apache.catalina.core.StandardEngine  : Starting Servlet engine: [Apache Tomcat/9.0.46]
2024-02-05 23:40:56.323  INFO 12804 --- [main] o.a.c.c.C.[Tomcat].[localhost].[/]       : Initializing Spring embedded WebApplicationContext
2024-02-05 23:40:56.324  INFO 12804 --- [main] w.s.c.ServletWebServerApplicationContext : Root WebApplicationContext: initialization completed in 1713 ms
2024-02-05 23:40:57.629  INFO 12804 --- [main] o.s.b.w.embedded.tomcat.TomcatWebServer  : Tomcat started on port(s): 8081 (http) with context path ''
2024-02-05 23:40:57.641  INFO 12804 --- [main] c.e.W.WireMockAndSpockTestApplication    : Started WireMockAndSpockTestApplication in 3.703 seconds (JVM running for 4.141)
2024-02-05 23:40:57.643  INFO 12804 --- [main] o.s.b.a.ApplicationAvailabilityBean      : Application availability state LivenessState changed to CORRECT
2024-02-05 23:40:57.644  INFO 12804 --- [main] o.s.b.a.ApplicationAvailabilityBean      : Application availability state ReadinessState changed to ACCEPTING_TRAFFIC
2024-02-05 23:40:57.645  INFO 12804 --- [main] c.e.WireMock.controller.LogController    : This is an info message
2024-02-05 23:40:57.645  WARN 12804 --- [main] c.e.WireMock.controller.LogController    : This is a warn message
2024-02-05 23:40:57.645 ERROR 12804 --- [main] c.e.WireMock.controller.LogController    : This is an error message
2024-02-05 23:41:02.829  INFO 12804 --- [http-nio-8081-exec-1] o.a.c.c.C.[Tomcat].[localhost].[/]       : Initializing Spring DispatcherServlet 'dispatcherServlet'
2024-02-05 23:41:02.830  INFO 12804 --- [http-nio-8081-exec-1] o.s.web.servlet.DispatcherServlet        : Initializing Servlet 'dispatcherServlet'
2024-02-05 23:41:02.832  INFO 12804 --- [http-nio-8081-exec-1] o.s.web.servlet.DispatcherServlet        : Completed initialization in 1 ms
2024-02-05 23:41:03.380  INFO 12804 --- [http-nio-8081-exec-3] o.springdoc.api.AbstractOpenApiResource  : Init duration for springdoc-openapi is: 307 ms
2024-02-05 23:41:11.812 DEBUG 12804 --- [http-nio-8081-exec-4] o.s.web.client.RestTemplate              : HTTP GET http://localhost:8080/vending-machine/get-item
2024-02-05 23:41:11.817 DEBUG 12804 --- [http-nio-8081-exec-4] o.s.web.client.RestTemplate              : Accept=[text/plain, application/json, application/*+json, */*]
2024-02-05 23:41:11.844 DEBUG 12804 --- [http-nio-8081-exec-4] o.s.web.client.RestTemplate              : Response 200 OK
2024-02-05 23:41:11.846 DEBUG 12804 --- [http-nio-8081-exec-4] o.s.web.client.RestTemplate              : Reading to [java.lang.String] as "application/json"
2024-02-05 23:41:27.423 DEBUG 12804 --- [http-nio-8081-exec-5] o.s.web.client.RestTemplate              : HTTP POST http://localhost:8080/vending-machine/add-change
2024-02-05 23:41:27.424 DEBUG 12804 --- [http-nio-8081-exec-5] o.s.web.client.RestTemplate              : Accept=[text/plain, application/json, application/*+json, */*]
2024-02-05 23:41:27.427 DEBUG 12804 --- [http-nio-8081-exec-5] o.s.web.client.RestTemplate              : Writing [{1.0=0}] as "application/json"
2024-02-05 23:41:27.453 DEBUG 12804 --- [http-nio-8081-exec-5] o.s.web.client.RestTemplate              : Response 200 OK
2024-02-05 23:41:27.455 DEBUG 12804 --- [http-nio-8081-exec-5] o.s.web.client.RestTemplate              : Reading to [java.lang.String] as "text/plain;charset=UTF-8"
